{"/home/travis/build/npmtest/node-npmtest-jitsu/test.js":{"path":"/home/travis/build/npmtest/node-npmtest-jitsu/test.js","s":{"1":2,"2":2,"3":2,"4":2,"5":2,"6":2,"7":2,"8":1,"9":2,"10":2,"11":1,"12":1,"13":1,"14":1,"15":2,"16":2,"17":2,"18":2,"19":1,"20":1,"21":2,"22":2,"23":2,"24":1,"25":1,"26":1,"27":1,"28":1,"29":1,"30":1,"31":1,"32":1,"33":1,"34":1,"35":1,"36":1,"37":1,"38":1,"39":2,"40":2,"41":1,"42":2,"43":2,"44":1,"45":2,"46":2,"47":1,"48":2,"49":2,"50":1,"51":1,"52":1,"53":1,"54":1},"b":{"1":[2,1,1,1],"2":[1,1,1,1],"3":[1,1],"4":[1,1],"5":[1,1],"6":[1,1],"7":[1,1],"8":[1,1],"9":[1,1],"10":[1,1,1],"11":[1,1],"12":[1,1],"13":[1,1],"14":[1,1],"15":[1,1],"16":[1,1],"17":[1,1]},"f":{"1":2,"2":2,"3":2,"4":2,"5":2,"6":1,"7":1,"8":1,"9":2,"10":2,"11":2,"12":2,"13":1},"fnMap":{"1":{"name":"(anonymous_1)","line":12,"loc":{"start":{"line":12,"column":1},"end":{"line":12,"column":13}}},"2":{"name":"(anonymous_2)","line":19,"loc":{"start":{"line":19,"column":5},"end":{"line":19,"column":17}}},"3":{"name":"(anonymous_3)","line":23,"loc":{"start":{"line":23,"column":24},"end":{"line":23,"column":36}}},"4":{"name":"(anonymous_4)","line":61,"loc":{"start":{"line":61,"column":5},"end":{"line":61,"column":17}}},"5":{"name":"(anonymous_5)","line":82,"loc":{"start":{"line":82,"column":5},"end":{"line":82,"column":17}}},"6":{"name":"(anonymous_6)","line":91,"loc":{"start":{"line":91,"column":77},"end":{"line":94,"column":10}}},"7":{"name":"(anonymous_7)","line":112,"loc":{"start":{"line":112,"column":83},"end":{"line":115,"column":10}},"skip":true},"8":{"name":"(anonymous_8)","line":123,"loc":{"start":{"line":123,"column":77},"end":{"line":126,"column":10}},"skip":true},"9":{"name":"(anonymous_9)","line":139,"loc":{"start":{"line":139,"column":12},"end":{"line":139,"column":40}},"skip":true},"10":{"name":"(anonymous_10)","line":147,"loc":{"start":{"line":147,"column":77},"end":{"line":150,"column":10}},"skip":true},"11":{"name":"(anonymous_11)","line":158,"loc":{"start":{"line":158,"column":83},"end":{"line":161,"column":10}},"skip":true},"12":{"name":"(anonymous_12)","line":169,"loc":{"start":{"line":169,"column":79},"end":{"line":172,"column":10}},"skip":true},"13":{"name":"(anonymous_13)","line":180,"loc":{"start":{"line":180,"column":75},"end":{"line":183,"column":10}},"skip":true}},"statementMap":{"1":{"start":{"line":12,"column":0},"end":{"line":195,"column":5}},"2":{"start":{"line":14,"column":4},"end":{"line":14,"column":14}},"3":{"start":{"line":19,"column":4},"end":{"line":56,"column":9}},"4":{"start":{"line":21,"column":8},"end":{"line":21,"column":19}},"5":{"start":{"line":23,"column":8},"end":{"line":35,"column":13}},"6":{"start":{"line":24,"column":12},"end":{"line":34,"column":13}},"7":{"start":{"line":25,"column":16},"end":{"line":28,"column":30}},"8":{"start":{"line":30,"column":16},"end":{"line":33,"column":27}},"9":{"start":{"line":37,"column":8},"end":{"line":39,"column":21}},"10":{"start":{"line":40,"column":8},"end":{"line":53,"column":9}},"11":{"start":{"line":43,"column":12},"end":{"line":46,"column":14}},"12":{"start":{"line":47,"column":12},"end":{"line":47,"column":18}},"13":{"start":{"line":50,"column":12},"end":{"line":51,"column":33}},"14":{"start":{"line":52,"column":12},"end":{"line":52,"column":18}},"15":{"start":{"line":55,"column":8},"end":{"line":55,"column":35}},"16":{"start":{"line":61,"column":4},"end":{"line":63,"column":9}},"17":{"start":{"line":62,"column":8},"end":{"line":62,"column":15}},"18":{"start":{"line":64,"column":4},"end":{"line":77,"column":5}},"19":{"start":{"line":70,"column":8},"end":{"line":70,"column":14}},"20":{"start":{"line":76,"column":8},"end":{"line":76,"column":14}},"21":{"start":{"line":82,"column":4},"end":{"line":84,"column":9}},"22":{"start":{"line":83,"column":8},"end":{"line":83,"column":15}},"23":{"start":{"line":85,"column":4},"end":{"line":194,"column":5}},"24":{"start":{"line":91,"column":8},"end":{"line":99,"column":10}},"25":{"start":{"line":98,"column":12},"end":{"line":98,"column":35}},"26":{"start":{"line":102,"column":8},"end":{"line":104,"column":63}},"27":{"start":{"line":105,"column":8},"end":{"line":105,"column":14}},"28":{"start":{"line":112,"column":8},"end":{"line":121,"column":10},"skip":true},"29":{"start":{"line":119,"column":12},"end":{"line":119,"column":55},"skip":true},"30":{"start":{"line":120,"column":12},"end":{"line":120,"column":48},"skip":true},"31":{"start":{"line":123,"column":8},"end":{"line":136,"column":10},"skip":true},"32":{"start":{"line":130,"column":12},"end":{"line":130,"column":76},"skip":true},"33":{"start":{"line":131,"column":12},"end":{"line":131,"column":73},"skip":true},"34":{"start":{"line":132,"column":12},"end":{"line":132,"column":74},"skip":true},"35":{"start":{"line":133,"column":12},"end":{"line":133,"column":79},"skip":true},"36":{"start":{"line":134,"column":12},"end":{"line":134,"column":25},"skip":true},"37":{"start":{"line":135,"column":12},"end":{"line":135,"column":45},"skip":true},"38":{"start":{"line":138,"column":8},"end":{"line":145,"column":14},"skip":true},"39":{"start":{"line":143,"column":16},"end":{"line":143,"column":29},"skip":true},"40":{"start":{"line":144,"column":16},"end":{"line":144,"column":55},"skip":true},"41":{"start":{"line":147,"column":8},"end":{"line":156,"column":10},"skip":true},"42":{"start":{"line":154,"column":12},"end":{"line":154,"column":25},"skip":true},"43":{"start":{"line":155,"column":12},"end":{"line":155,"column":45},"skip":true},"44":{"start":{"line":158,"column":8},"end":{"line":167,"column":10},"skip":true},"45":{"start":{"line":165,"column":12},"end":{"line":165,"column":25},"skip":true},"46":{"start":{"line":166,"column":12},"end":{"line":166,"column":48},"skip":true},"47":{"start":{"line":169,"column":8},"end":{"line":178,"column":10},"skip":true},"48":{"start":{"line":176,"column":12},"end":{"line":176,"column":25},"skip":true},"49":{"start":{"line":177,"column":12},"end":{"line":177,"column":46},"skip":true},"50":{"start":{"line":180,"column":8},"end":{"line":189,"column":10},"skip":true},"51":{"start":{"line":187,"column":12},"end":{"line":187,"column":94},"skip":true},"52":{"start":{"line":188,"column":12},"end":{"line":188,"column":48},"skip":true},"53":{"start":{"line":192,"column":8},"end":{"line":192,"column":35},"skip":true},"54":{"start":{"line":193,"column":8},"end":{"line":193,"column":14},"skip":true}},"branchMap":{"1":{"line":25,"type":"binary-expr","locations":[{"start":{"line":25,"column":23},"end":{"line":25,"column":62}},{"start":{"line":26,"column":20},"end":{"line":26,"column":70}},{"start":{"line":27,"column":20},"end":{"line":27,"column":71}},{"start":{"line":28,"column":20},"end":{"line":28,"column":29}}]},"2":{"line":30,"type":"binary-expr","locations":[{"start":{"line":30,"column":23},"end":{"line":30,"column":37}},{"start":{"line":31,"column":20},"end":{"line":31,"column":61}},{"start":{"line":32,"column":20},"end":{"line":32,"column":70}},{"start":{"line":33,"column":20},"end":{"line":33,"column":26}}]},"3":{"line":37,"type":"cond-expr","locations":[{"start":{"line":38,"column":14},"end":{"line":38,"column":20}},{"start":{"line":39,"column":14},"end":{"line":39,"column":20}}]},"4":{"line":40,"type":"switch","locations":[{"start":{"line":42,"column":8},"end":{"line":47,"column":18}},{"start":{"line":49,"column":8},"end":{"line":52,"column":18}}]},"5":{"line":44,"type":"binary-expr","locations":[{"start":{"line":44,"column":16},"end":{"line":44,"column":44}},{"start":{"line":44,"column":48},"end":{"line":44,"column":66}}]},"6":{"line":50,"type":"binary-expr","locations":[{"start":{"line":50,"column":21},"end":{"line":50,"column":49}},{"start":{"line":50,"column":53},"end":{"line":50,"column":72}}]},"7":{"line":64,"type":"switch","locations":[{"start":{"line":69,"column":4},"end":{"line":70,"column":14}},{"start":{"line":75,"column":4},"end":{"line":76,"column":14}}]},"8":{"line":85,"type":"switch","locations":[{"start":{"line":90,"column":4},"end":{"line":105,"column":14}},{"start":{"line":111,"column":4},"end":{"line":193,"column":14},"skip":true}]},"9":{"line":91,"type":"binary-expr","locations":[{"start":{"line":91,"column":42},"end":{"line":91,"column":73}},{"start":{"line":91,"column":77},"end":{"line":99,"column":9}}]},"10":{"line":102,"type":"binary-expr","locations":[{"start":{"line":102,"column":18},"end":{"line":102,"column":32}},{"start":{"line":103,"column":12},"end":{"line":103,"column":53}},{"start":{"line":104,"column":12},"end":{"line":104,"column":61}}]},"11":{"line":112,"type":"binary-expr","locations":[{"start":{"line":112,"column":45},"end":{"line":112,"column":79},"skip":true},{"start":{"line":112,"column":83},"end":{"line":121,"column":9},"skip":true}]},"12":{"line":123,"type":"binary-expr","locations":[{"start":{"line":123,"column":42},"end":{"line":123,"column":73},"skip":true},{"start":{"line":123,"column":77},"end":{"line":136,"column":9},"skip":true}]},"13":{"line":138,"type":"binary-expr","locations":[{"start":{"line":138,"column":48},"end":{"line":138,"column":85},"skip":true},{"start":{"line":139,"column":12},"end":{"line":145,"column":13},"skip":true}]},"14":{"line":147,"type":"binary-expr","locations":[{"start":{"line":147,"column":42},"end":{"line":147,"column":73},"skip":true},{"start":{"line":147,"column":77},"end":{"line":156,"column":9},"skip":true}]},"15":{"line":158,"type":"binary-expr","locations":[{"start":{"line":158,"column":45},"end":{"line":158,"column":79},"skip":true},{"start":{"line":158,"column":83},"end":{"line":167,"column":9},"skip":true}]},"16":{"line":169,"type":"binary-expr","locations":[{"start":{"line":169,"column":43},"end":{"line":169,"column":75},"skip":true},{"start":{"line":169,"column":79},"end":{"line":178,"column":9},"skip":true}]},"17":{"line":180,"type":"binary-expr","locations":[{"start":{"line":180,"column":41},"end":{"line":180,"column":71},"skip":true},{"start":{"line":180,"column":75},"end":{"line":189,"column":9},"skip":true}]}},"code":["/* istanbul instrument in package npmtest_jitsu */","/*jslint","    bitwise: true,","    browser: true,","    maxerr: 8,","    maxlen: 96,","    node: true,","    nomen: true,","    regexp: true,","    stupid: true","*/","(function () {","    'use strict';","    var local;","","","","    // run shared js-env code - pre-init","    (function () {","        // init local","        local = {};","        // init modeJs","        local.modeJs = (function () {","            try {","                return typeof navigator.userAgent === 'string' &&","                    typeof document.querySelector('body') === 'object' &&","                    typeof XMLHttpRequest.prototype.open === 'function' &&","                    'browser';","            } catch (errorCaughtBrowser) {","                return module.exports &&","                    typeof process.versions.node === 'string' &&","                    typeof require('http').createServer === 'function' &&","                    'node';","            }","        }());","        // init global","        local.global = local.modeJs === 'browser'","            ? window","            : global;","        switch (local.modeJs) {","        // re-init local from window.local","        case 'browser':","            local = local.global.utility2.objectSetDefault(","                local.global.utility2_rollup || local.global.local,","                local.global.utility2","            );","            break;","        // re-init local from example.js","        case 'node':","            local = (local.global.utility2_rollup || require('utility2'))","                .requireReadme();","            break;","        }","        // export local","        local.global.local = local;","    }());","","","","    // run shared js-env code - function","    (function () {","        return;","    }());","    switch (local.modeJs) {","","","","    // run browser js-env code - function","    case 'browser':","        break;","","","","    // run node js-env code - function","    case 'node':","        break;","    }","","","","    // run shared js-env code - post-init","    (function () {","        return;","    }());","    switch (local.modeJs) {","","","","    // run browser js-env code - post-init","    case 'browser':","        local.testCase_browser_nullCase = local.testCase_browser_nullCase || function (","            options,","            onError","        ) {","        /*","         * this function will test browsers's null-case handling-behavior-behavior","         */","            onError(null, options);","        };","","        // run tests","        local.nop(local.modeTest &&","            document.querySelector('#testRunButton1') &&","            document.querySelector('#testRunButton1').click());","        break;","","","","    // run node js-env code - post-init","    /* istanbul ignore next */","    case 'node':","        local.testCase_buildApidoc_default = local.testCase_buildApidoc_default || function (","            options,","            onError","        ) {","        /*","         * this function will test buildApidoc's default handling-behavior-behavior","         */","            options = { modulePathList: module.paths };","            local.buildApidoc(options, onError);","        };","","        local.testCase_buildApp_default = local.testCase_buildApp_default || function (","            options,","            onError","        ) {","        /*","         * this function will test buildApp's default handling-behavior-behavior","         */","            local.testCase_buildReadme_default(options, local.onErrorThrow);","            local.testCase_buildLib_default(options, local.onErrorThrow);","            local.testCase_buildTest_default(options, local.onErrorThrow);","            local.testCase_buildCustomOrg_default(options, local.onErrorThrow);","            options = [];","            local.buildApp(options, onError);","        };","","        local.testCase_buildCustomOrg_default = local.testCase_buildCustomOrg_default ||","            function (options, onError) {","            /*","             * this function will test buildCustomOrg's default handling-behavior","             */","                options = {};","                local.buildCustomOrg(options, onError);","            };","","        local.testCase_buildLib_default = local.testCase_buildLib_default || function (","            options,","            onError","        ) {","        /*","         * this function will test buildLib's default handling-behavior","         */","            options = {};","            local.buildLib(options, onError);","        };","","        local.testCase_buildReadme_default = local.testCase_buildReadme_default || function (","            options,","            onError","        ) {","        /*","         * this function will test buildReadme's default handling-behavior-behavior","         */","            options = {};","            local.buildReadme(options, onError);","        };","","        local.testCase_buildTest_default = local.testCase_buildTest_default || function (","            options,","            onError","        ) {","        /*","         * this function will test buildTest's default handling-behavior","         */","            options = {};","            local.buildTest(options, onError);","        };","","        local.testCase_webpage_default = local.testCase_webpage_default || function (","            options,","            onError","        ) {","        /*","         * this function will test webpage's default handling-behavior","         */","            options = { modeCoverageMerge: true, url: local.serverLocalHost + '?modeTest=1' };","            local.browserTest(options, onError);","        };","","        // run test-server","        local.testRunServer(local);","        break;","    }","}());",""],"l":{"12":2,"14":2,"19":2,"21":2,"23":2,"24":2,"25":2,"30":1,"37":2,"40":2,"43":1,"47":1,"50":1,"52":1,"55":2,"61":2,"62":2,"64":2,"70":1,"76":1,"82":2,"83":2,"85":2,"91":1,"98":1,"102":1,"105":1,"112":1,"119":1,"120":1,"123":1,"130":1,"131":1,"132":1,"133":1,"134":1,"135":1,"138":1,"143":2,"144":2,"147":1,"154":2,"155":2,"158":1,"165":2,"166":2,"169":1,"176":2,"177":2,"180":1,"187":1,"188":1,"192":1,"193":1}},"/home/travis/build/npmtest/node-npmtest-jitsu/lib.npmtest_jitsu.js":{"path":"/home/travis/build/npmtest/node-npmtest-jitsu/lib.npmtest_jitsu.js","s":{"1":2,"2":2,"3":2,"4":2,"5":2,"6":2,"7":2,"8":1,"9":2,"10":2,"11":2,"12":2,"13":1,"14":1,"15":1,"16":1},"b":{"1":[2,1,1,1],"2":[1,1,1,1],"3":[1,1],"4":[2,2],"5":[1,1]},"f":{"1":2,"2":2,"3":2},"fnMap":{"1":{"name":"(anonymous_1)","line":12,"loc":{"start":{"line":12,"column":1},"end":{"line":12,"column":13}}},"2":{"name":"(anonymous_2)","line":19,"loc":{"start":{"line":19,"column":5},"end":{"line":19,"column":17}}},"3":{"name":"(anonymous_3)","line":23,"loc":{"start":{"line":23,"column":24},"end":{"line":23,"column":36}}}},"statementMap":{"1":{"start":{"line":12,"column":0},"end":{"line":53,"column":5}},"2":{"start":{"line":14,"column":4},"end":{"line":14,"column":14}},"3":{"start":{"line":19,"column":4},"end":{"line":52,"column":9}},"4":{"start":{"line":21,"column":8},"end":{"line":21,"column":19}},"5":{"start":{"line":23,"column":8},"end":{"line":35,"column":13}},"6":{"start":{"line":24,"column":12},"end":{"line":34,"column":13}},"7":{"start":{"line":25,"column":16},"end":{"line":28,"column":30}},"8":{"start":{"line":30,"column":16},"end":{"line":33,"column":27}},"9":{"start":{"line":37,"column":8},"end":{"line":39,"column":21}},"10":{"start":{"line":41,"column":8},"end":{"line":41,"column":54}},"11":{"start":{"line":43,"column":8},"end":{"line":43,"column":50}},"12":{"start":{"line":45,"column":8},"end":{"line":51,"column":9}},"13":{"start":{"line":46,"column":12},"end":{"line":46,"column":56}},"14":{"start":{"line":48,"column":12},"end":{"line":48,"column":35}},"15":{"start":{"line":49,"column":12},"end":{"line":49,"column":49}},"16":{"start":{"line":50,"column":12},"end":{"line":50,"column":43}}},"branchMap":{"1":{"line":25,"type":"binary-expr","locations":[{"start":{"line":25,"column":23},"end":{"line":25,"column":62}},{"start":{"line":26,"column":20},"end":{"line":26,"column":70}},{"start":{"line":27,"column":20},"end":{"line":27,"column":71}},{"start":{"line":28,"column":20},"end":{"line":28,"column":29}}]},"2":{"line":30,"type":"binary-expr","locations":[{"start":{"line":30,"column":23},"end":{"line":30,"column":37}},{"start":{"line":31,"column":20},"end":{"line":31,"column":61}},{"start":{"line":32,"column":20},"end":{"line":32,"column":70}},{"start":{"line":33,"column":20},"end":{"line":33,"column":26}}]},"3":{"line":37,"type":"cond-expr","locations":[{"start":{"line":38,"column":14},"end":{"line":38,"column":20}},{"start":{"line":39,"column":14},"end":{"line":39,"column":20}}]},"4":{"line":41,"type":"binary-expr","locations":[{"start":{"line":41,"column":16},"end":{"line":41,"column":44}},{"start":{"line":41,"column":48},"end":{"line":41,"column":53}}]},"5":{"line":45,"type":"if","locations":[{"start":{"line":45,"column":8},"end":{"line":45,"column":8}},{"start":{"line":45,"column":8},"end":{"line":45,"column":8}}]}},"code":["/* istanbul instrument in package npmtest_jitsu */","/*jslint","    bitwise: true,","    browser: true,","    maxerr: 8,","    maxlen: 96,","    node: true,","    nomen: true,","    regexp: true,","    stupid: true","*/","(function () {","    'use strict';","    var local;","","","","    // run shared js-env code - pre-init","    (function () {","        // init local","        local = {};","        // init modeJs","        local.modeJs = (function () {","            try {","                return typeof navigator.userAgent === 'string' &&","                    typeof document.querySelector('body') === 'object' &&","                    typeof XMLHttpRequest.prototype.open === 'function' &&","                    'browser';","            } catch (errorCaughtBrowser) {","                return module.exports &&","                    typeof process.versions.node === 'string' &&","                    typeof require('http').createServer === 'function' &&","                    'node';","            }","        }());","        // init global","        local.global = local.modeJs === 'browser'","            ? window","            : global;","        // init utility2_rollup","        local = local.global.utility2_rollup || local;","        // init lib","        local.local = local.npmtest_jitsu = local;","        // init exports","        if (local.modeJs === 'browser') {","            local.global.utility2_npmtest_jitsu = local;","        } else {","            module.exports = local;","            module.exports.__dirname = __dirname;","            module.exports.module = module;","        }","    }());","}());",""],"l":{"12":2,"14":2,"19":2,"21":2,"23":2,"24":2,"25":2,"30":1,"37":2,"41":2,"43":2,"45":2,"46":1,"48":1,"49":1,"50":1}},"/home/travis/build/npmtest/node-npmtest-jitsu/example.js":{"path":"/home/travis/build/npmtest/node-npmtest-jitsu/example.js","s":{"1":2,"2":2,"3":2,"4":2,"5":2,"6":2,"7":2,"8":1,"9":2,"10":2,"11":2,"12":2,"13":1,"14":2,"15":2,"16":2,"17":2,"18":2,"19":0,"20":2,"21":1,"22":1,"23":1,"24":1,"25":1,"26":0,"27":0,"28":1,"29":1,"30":2,"31":0,"32":0,"33":0,"34":1,"35":2,"36":2,"37":3,"38":3,"39":3,"40":3,"41":0,"42":3,"43":3,"44":3,"45":1,"46":3,"47":1,"48":1,"49":1,"50":1,"51":1,"52":1,"53":1,"54":1,"55":1,"56":1,"57":0,"58":1,"59":6,"60":6,"61":1,"62":2,"63":0,"64":2,"65":1,"66":1,"67":0,"68":0,"69":0,"70":0,"71":0,"72":0,"73":0,"74":0,"75":0,"76":0,"77":0,"78":0,"79":0,"80":0,"81":0,"82":0,"83":0},"b":{"1":[2,1,1,1],"2":[1,1,1,1],"3":[1,1],"4":[2,2],"5":[1,1],"6":[1,1],"7":[2,0],"8":[2,1,1,1,1,1],"9":[0,2,0],"10":[1,1],"11":[2,1,1],"12":[1,0],"13":[0,2],"14":[2,0,0,0,0,0,0],"15":[0,3],"16":[3,0],"17":[1,1],"18":[0,1],"19":[1,2,0,2],"20":[1,0],"21":[1,1],"22":[0,0],"23":[0,0],"24":[0,0],"25":[0,0],"26":[0,0],"27":[0,0],"28":[0,0]},"f":{"1":2,"2":2,"3":2,"4":2,"5":2,"6":2,"7":3,"8":3,"9":3,"10":1,"11":6,"12":0},"fnMap":{"1":{"name":"(anonymous_1)","line":26,"loc":{"start":{"line":26,"column":1},"end":{"line":26,"column":13}}},"2":{"name":"(anonymous_2)","line":33,"loc":{"start":{"line":33,"column":5},"end":{"line":33,"column":17}}},"3":{"name":"(anonymous_3)","line":37,"loc":{"start":{"line":37,"column":24},"end":{"line":37,"column":36}}},"4":{"name":"(anonymous_4)","line":69,"loc":{"start":{"line":69,"column":31},"end":{"line":69,"column":48}},"skip":true},"5":{"name":"(anonymous_5)","line":78,"loc":{"start":{"line":78,"column":26},"end":{"line":78,"column":45}},"skip":true},"6":{"name":"(anonymous_6)","line":123,"loc":{"start":{"line":123,"column":33},"end":{"line":123,"column":48}},"skip":true},"7":{"name":"(anonymous_7)","line":125,"loc":{"start":{"line":125,"column":27},"end":{"line":125,"column":39}},"skip":true},"8":{"name":"(anonymous_8)","line":133,"loc":{"start":{"line":133,"column":59},"end":{"line":133,"column":74}},"skip":true},"9":{"name":"(anonymous_9)","line":143,"loc":{"start":{"line":143,"column":45},"end":{"line":143,"column":62}},"skip":true},"10":{"name":"(anonymous_10)","line":144,"loc":{"start":{"line":144,"column":73},"end":{"line":144,"column":92}},"skip":true},"11":{"name":"(anonymous_11)","line":272,"loc":{"start":{"line":272,"column":51},"end":{"line":272,"column":77}},"skip":true},"12":{"name":"(anonymous_12)","line":315,"loc":{"start":{"line":315,"column":32},"end":{"line":315,"column":61}},"skip":true}},"statementMap":{"1":{"start":{"line":26,"column":0},"end":{"line":326,"column":5}},"2":{"start":{"line":28,"column":4},"end":{"line":28,"column":14}},"3":{"start":{"line":33,"column":4},"end":{"line":60,"column":9}},"4":{"start":{"line":35,"column":8},"end":{"line":35,"column":19}},"5":{"start":{"line":37,"column":8},"end":{"line":49,"column":13}},"6":{"start":{"line":38,"column":12},"end":{"line":48,"column":13}},"7":{"start":{"line":39,"column":16},"end":{"line":42,"column":30}},"8":{"start":{"line":44,"column":16},"end":{"line":47,"column":27}},"9":{"start":{"line":51,"column":8},"end":{"line":53,"column":21}},"10":{"start":{"line":55,"column":8},"end":{"line":57,"column":45}},"11":{"start":{"line":59,"column":8},"end":{"line":59,"column":35}},"12":{"start":{"line":61,"column":4},"end":{"line":325,"column":5}},"13":{"start":{"line":69,"column":8},"end":{"line":121,"column":10},"skip":true},"14":{"start":{"line":70,"column":12},"end":{"line":88,"column":13},"skip":true},"15":{"start":{"line":76,"column":16},"end":{"line":87,"column":19},"skip":true},"16":{"start":{"line":79,"column":20},"end":{"line":86,"column":21},"skip":true},"17":{"start":{"line":82,"column":24},"end":{"line":82,"column":43},"skip":true},"18":{"start":{"line":83,"column":24},"end":{"line":83,"column":30},"skip":true},"19":{"start":{"line":85,"column":24},"end":{"line":85,"column":49},"skip":true},"20":{"start":{"line":89,"column":12},"end":{"line":107,"column":13},"skip":true},"21":{"start":{"line":92,"column":16},"end":{"line":102,"column":17},"skip":true},"22":{"start":{"line":93,"column":20},"end":{"line":93,"column":86},"skip":true},"23":{"start":{"line":94,"column":20},"end":{"line":95,"column":45},"skip":true},"24":{"start":{"line":96,"column":20},"end":{"line":96,"column":42},"skip":true},"25":{"start":{"line":97,"column":20},"end":{"line":97,"column":48},"skip":true},"26":{"start":{"line":100,"column":20},"end":{"line":100,"column":85},"skip":true},"27":{"start":{"line":101,"column":20},"end":{"line":101,"column":96},"skip":true},"28":{"start":{"line":103,"column":16},"end":{"line":103,"column":22},"skip":true},"29":{"start":{"line":106,"column":16},"end":{"line":106,"column":22},"skip":true},"30":{"start":{"line":108,"column":12},"end":{"line":120,"column":13},"skip":true},"31":{"start":{"line":114,"column":16},"end":{"line":119,"column":17},"skip":true},"32":{"start":{"line":116,"column":20},"end":{"line":116,"column":78},"skip":true},"33":{"start":{"line":118,"column":20},"end":{"line":118,"column":47},"skip":true},"34":{"start":{"line":123,"column":8},"end":{"line":141,"column":11},"skip":true},"35":{"start":{"line":124,"column":12},"end":{"line":124,"column":54},"skip":true},"36":{"start":{"line":125,"column":12},"end":{"line":140,"column":14},"skip":true},"37":{"start":{"line":126,"column":16},"end":{"line":126,"column":28},"skip":true},"38":{"start":{"line":127,"column":16},"end":{"line":127,"column":69},"skip":true},"39":{"start":{"line":128,"column":16},"end":{"line":128,"column":75},"skip":true},"40":{"start":{"line":129,"column":16},"end":{"line":131,"column":17},"skip":true},"41":{"start":{"line":130,"column":20},"end":{"line":130,"column":27},"skip":true},"42":{"start":{"line":133,"column":16},"end":{"line":137,"column":36},"skip":true},"43":{"start":{"line":134,"column":20},"end":{"line":136,"column":55},"skip":true},"44":{"start":{"line":139,"column":16},"end":{"line":139,"column":57},"skip":true},"45":{"start":{"line":143,"column":8},"end":{"line":147,"column":11},"skip":true},"46":{"start":{"line":144,"column":12},"end":{"line":146,"column":15},"skip":true},"47":{"start":{"line":145,"column":16},"end":{"line":145,"column":70},"skip":true},"48":{"start":{"line":149,"column":8},"end":{"line":149,"column":31},"skip":true},"49":{"start":{"line":150,"column":8},"end":{"line":150,"column":14},"skip":true},"50":{"start":{"line":158,"column":8},"end":{"line":158,"column":31},"skip":true},"51":{"start":{"line":160,"column":8},"end":{"line":160,"column":33},"skip":true},"52":{"start":{"line":161,"column":8},"end":{"line":161,"column":37},"skip":true},"53":{"start":{"line":162,"column":8},"end":{"line":162,"column":35},"skip":true},"54":{"start":{"line":164,"column":8},"end":{"line":164,"column":50},"skip":true},"55":{"start":{"line":166,"column":8},"end":{"line":256,"column":2},"skip":true},"56":{"start":{"line":258,"column":8},"end":{"line":286,"column":9},"skip":true},"57":{"start":{"line":259,"column":12},"end":{"line":269,"column":14},"skip":true},"58":{"start":{"line":271,"column":12},"end":{"line":285,"column":19},"skip":true},"59":{"start":{"line":274,"column":20},"end":{"line":274,"column":35},"skip":true},"60":{"start":{"line":275,"column":20},"end":{"line":284,"column":21},"skip":true},"61":{"start":{"line":277,"column":24},"end":{"line":277,"column":64},"skip":true},"62":{"start":{"line":279,"column":24},"end":{"line":279,"column":40},"skip":true},"63":{"start":{"line":281,"column":24},"end":{"line":281,"column":40},"skip":true},"64":{"start":{"line":283,"column":24},"end":{"line":283,"column":39},"skip":true},"65":{"start":{"line":288,"column":8},"end":{"line":290,"column":9},"skip":true},"66":{"start":{"line":289,"column":12},"end":{"line":289,"column":18},"skip":true},"67":{"start":{"line":291,"column":8},"end":{"line":293,"column":54},"skip":true},"68":{"start":{"line":296,"column":8},"end":{"line":301,"column":37},"skip":true},"69":{"start":{"line":303,"column":8},"end":{"line":303,"column":82},"skip":true},"70":{"start":{"line":306,"column":8},"end":{"line":308,"column":9},"skip":true},"71":{"start":{"line":307,"column":12},"end":{"line":307,"column":82},"skip":true},"72":{"start":{"line":310,"column":8},"end":{"line":312,"column":9},"skip":true},"73":{"start":{"line":311,"column":12},"end":{"line":311,"column":18},"skip":true},"74":{"start":{"line":313,"column":8},"end":{"line":313,"column":54},"skip":true},"75":{"start":{"line":314,"column":8},"end":{"line":314,"column":69},"skip":true},"76":{"start":{"line":315,"column":8},"end":{"line":323,"column":36},"skip":true},"77":{"start":{"line":316,"column":12},"end":{"line":316,"column":61},"skip":true},"78":{"start":{"line":317,"column":12},"end":{"line":320,"column":13},"skip":true},"79":{"start":{"line":318,"column":16},"end":{"line":318,"column":75},"skip":true},"80":{"start":{"line":319,"column":16},"end":{"line":319,"column":23},"skip":true},"81":{"start":{"line":321,"column":12},"end":{"line":321,"column":38},"skip":true},"82":{"start":{"line":322,"column":12},"end":{"line":322,"column":27},"skip":true},"83":{"start":{"line":324,"column":8},"end":{"line":324,"column":14},"skip":true}},"branchMap":{"1":{"line":39,"type":"binary-expr","locations":[{"start":{"line":39,"column":23},"end":{"line":39,"column":62}},{"start":{"line":40,"column":20},"end":{"line":40,"column":70}},{"start":{"line":41,"column":20},"end":{"line":41,"column":71}},{"start":{"line":42,"column":20},"end":{"line":42,"column":29}}]},"2":{"line":44,"type":"binary-expr","locations":[{"start":{"line":44,"column":23},"end":{"line":44,"column":37}},{"start":{"line":45,"column":20},"end":{"line":45,"column":61}},{"start":{"line":46,"column":20},"end":{"line":46,"column":70}},{"start":{"line":47,"column":20},"end":{"line":47,"column":26}}]},"3":{"line":51,"type":"cond-expr","locations":[{"start":{"line":52,"column":14},"end":{"line":52,"column":20}},{"start":{"line":53,"column":14},"end":{"line":53,"column":20}}]},"4":{"line":55,"type":"binary-expr","locations":[{"start":{"line":55,"column":16},"end":{"line":55,"column":44}},{"start":{"line":55,"column":49},"end":{"line":57,"column":43}}]},"5":{"line":55,"type":"cond-expr","locations":[{"start":{"line":56,"column":14},"end":{"line":56,"column":49}},{"start":{"line":57,"column":14},"end":{"line":57,"column":43}}]},"6":{"line":61,"type":"switch","locations":[{"start":{"line":68,"column":4},"end":{"line":150,"column":14},"skip":true},{"start":{"line":156,"column":4},"end":{"line":324,"column":14},"skip":true}]},"7":{"line":70,"type":"if","locations":[{"start":{"line":70,"column":12},"end":{"line":70,"column":12},"skip":true},{"start":{"line":70,"column":12},"end":{"line":70,"column":12},"skip":true}]},"8":{"line":70,"type":"binary-expr","locations":[{"start":{"line":70,"column":16},"end":{"line":70,"column":22},"skip":true},{"start":{"line":70,"column":27},"end":{"line":70,"column":32},"skip":true},{"start":{"line":71,"column":20},"end":{"line":71,"column":39},"skip":true},{"start":{"line":72,"column":20},"end":{"line":72,"column":49},"skip":true},{"start":{"line":73,"column":20},"end":{"line":73,"column":58},"skip":true},{"start":{"line":74,"column":20},"end":{"line":74,"column":69},"skip":true}]},"9":{"line":79,"type":"switch","locations":[{"start":{"line":80,"column":20},"end":{"line":80,"column":33},"skip":true},{"start":{"line":81,"column":20},"end":{"line":83,"column":30},"skip":true},{"start":{"line":84,"column":20},"end":{"line":85,"column":49},"skip":true}]},"10":{"line":89,"type":"switch","locations":[{"start":{"line":90,"column":12},"end":{"line":103,"column":22},"skip":true},{"start":{"line":105,"column":12},"end":{"line":106,"column":22},"skip":true}]},"11":{"line":89,"type":"binary-expr","locations":[{"start":{"line":89,"column":20},"end":{"line":89,"column":25},"skip":true},{"start":{"line":89,"column":29},"end":{"line":89,"column":48},"skip":true},{"start":{"line":89,"column":52},"end":{"line":89,"column":74},"skip":true}]},"12":{"line":92,"type":"if","locations":[{"start":{"line":92,"column":16},"end":{"line":92,"column":16},"skip":true},{"start":{"line":92,"column":16},"end":{"line":92,"column":16},"skip":true}]},"13":{"line":108,"type":"if","locations":[{"start":{"line":108,"column":12},"end":{"line":108,"column":12},"skip":true},{"start":{"line":108,"column":12},"end":{"line":108,"column":12},"skip":true}]},"14":{"line":108,"type":"binary-expr","locations":[{"start":{"line":108,"column":16},"end":{"line":108,"column":61},"skip":true},{"start":{"line":108,"column":66},"end":{"line":108,"column":72},"skip":true},{"start":{"line":108,"column":77},"end":{"line":108,"column":82},"skip":true},{"start":{"line":109,"column":20},"end":{"line":109,"column":39},"skip":true},{"start":{"line":110,"column":20},"end":{"line":110,"column":49},"skip":true},{"start":{"line":111,"column":20},"end":{"line":111,"column":58},"skip":true},{"start":{"line":112,"column":20},"end":{"line":112,"column":68},"skip":true}]},"15":{"line":129,"type":"if","locations":[{"start":{"line":129,"column":16},"end":{"line":129,"column":16},"skip":true},{"start":{"line":129,"column":16},"end":{"line":129,"column":16},"skip":true}]},"16":{"line":134,"type":"cond-expr","locations":[{"start":{"line":135,"column":26},"end":{"line":135,"column":29},"skip":true},{"start":{"line":136,"column":26},"end":{"line":136,"column":54},"skip":true}]},"17":{"line":164,"type":"binary-expr","locations":[{"start":{"line":164,"column":27},"end":{"line":164,"column":43},"skip":true},{"start":{"line":164,"column":47},"end":{"line":164,"column":49},"skip":true}]},"18":{"line":258,"type":"if","locations":[{"start":{"line":258,"column":8},"end":{"line":258,"column":8},"skip":true},{"start":{"line":258,"column":8},"end":{"line":258,"column":8},"skip":true}]},"19":{"line":275,"type":"switch","locations":[{"start":{"line":276,"column":20},"end":{"line":277,"column":64},"skip":true},{"start":{"line":278,"column":20},"end":{"line":279,"column":40},"skip":true},{"start":{"line":280,"column":20},"end":{"line":281,"column":40},"skip":true},{"start":{"line":282,"column":20},"end":{"line":283,"column":39},"skip":true}]},"20":{"line":288,"type":"if","locations":[{"start":{"line":288,"column":8},"end":{"line":288,"column":8},"skip":true},{"start":{"line":288,"column":8},"end":{"line":288,"column":8},"skip":true}]},"21":{"line":288,"type":"binary-expr","locations":[{"start":{"line":288,"column":12},"end":{"line":288,"column":40},"skip":true},{"start":{"line":288,"column":44},"end":{"line":288,"column":67},"skip":true}]},"22":{"line":292,"type":"binary-expr","locations":[{"start":{"line":292,"column":12},"end":{"line":292,"column":50},"skip":true},{"start":{"line":293,"column":12},"end":{"line":293,"column":53},"skip":true}]},"23":{"line":297,"type":"binary-expr","locations":[{"start":{"line":297,"column":12},"end":{"line":297,"column":63},"skip":true},{"start":{"line":298,"column":12},"end":{"line":301,"column":36},"skip":true}]},"24":{"line":303,"type":"binary-expr","locations":[{"start":{"line":303,"column":43},"end":{"line":303,"column":75},"skip":true},{"start":{"line":303,"column":79},"end":{"line":303,"column":81},"skip":true}]},"25":{"line":306,"type":"if","locations":[{"start":{"line":306,"column":8},"end":{"line":306,"column":8},"skip":true},{"start":{"line":306,"column":8},"end":{"line":306,"column":8},"skip":true}]},"26":{"line":310,"type":"if","locations":[{"start":{"line":310,"column":8},"end":{"line":310,"column":8},"skip":true},{"start":{"line":310,"column":8},"end":{"line":310,"column":8},"skip":true}]},"27":{"line":313,"type":"binary-expr","locations":[{"start":{"line":313,"column":27},"end":{"line":313,"column":43},"skip":true},{"start":{"line":313,"column":47},"end":{"line":313,"column":53},"skip":true}]},"28":{"line":317,"type":"if","locations":[{"start":{"line":317,"column":12},"end":{"line":317,"column":12},"skip":true},{"start":{"line":317,"column":12},"end":{"line":317,"column":12},"skip":true}]}},"code":["/*","example.js","","quickstart example","","instruction","    1. save this script as example.js","    2. run the shell command:","        $ npm install npmtest-jitsu && PORT=8081 node example.js","    3. play with the browser-demo on http://127.0.0.1:8081","*/","","","","/* istanbul instrument in package npmtest_jitsu */","/*jslint","    bitwise: true,","    browser: true,","    maxerr: 8,","    maxlen: 96,","    node: true,","    nomen: true,","    regexp: true,","    stupid: true","*/","(function () {","    'use strict';","    var local;","","","","    // run shared js-env code - pre-init","    (function () {","        // init local","        local = {};","        // init modeJs","        local.modeJs = (function () {","            try {","                return typeof navigator.userAgent === 'string' &&","                    typeof document.querySelector('body') === 'object' &&","                    typeof XMLHttpRequest.prototype.open === 'function' &&","                    'browser';","            } catch (errorCaughtBrowser) {","                return module.exports &&","                    typeof process.versions.node === 'string' &&","                    typeof require('http').createServer === 'function' &&","                    'node';","            }","        }());","        // init global","        local.global = local.modeJs === 'browser'","            ? window","            : global;","        // init utility2_rollup","        local = local.global.utility2_rollup || (local.modeJs === 'browser'","            ? local.global.utility2_npmtest_jitsu","            : global.utility2_moduleExports);","        // export local","        local.global.local = local;","    }());","    switch (local.modeJs) {","","","","    // post-init","    // run browser js-env code - post-init","    /* istanbul ignore next */","    case 'browser':","        local.testRunBrowser = function (event) {","            if (!event || (event &&","                    event.currentTarget &&","                    event.currentTarget.className &&","                    event.currentTarget.className.includes &&","                    event.currentTarget.className.includes('onreset'))) {","                // reset output","                Array.from(","                    document.querySelectorAll('body > .resettable')","                ).forEach(function (element) {","                    switch (element.tagName) {","                    case 'INPUT':","                    case 'TEXTAREA':","                        element.value = '';","                        break;","                    default:","                        element.textContent = '';","                    }","                });","            }","            switch (event && event.currentTarget && event.currentTarget.id) {","            case 'testRunButton1':","                // show tests","                if (document.querySelector('#testReportDiv1').style.display === 'none') {","                    document.querySelector('#testReportDiv1').style.display = 'block';","                    document.querySelector('#testRunButton1').textContent =","                        'hide internal test';","                    local.modeTest = true;","                    local.testRunDefault(local);","                // hide tests","                } else {","                    document.querySelector('#testReportDiv1').style.display = 'none';","                    document.querySelector('#testRunButton1').textContent = 'run internal test';","                }","                break;","            // custom-case","            default:","                break;","            }","            if (document.querySelector('#inputTextareaEval1') && (!event || (event &&","                    event.currentTarget &&","                    event.currentTarget.className &&","                    event.currentTarget.className.includes &&","                    event.currentTarget.className.includes('oneval')))) {","                // try to eval input-code","                try {","                    /*jslint evil: true*/","                    eval(document.querySelector('#inputTextareaEval1').value);","                } catch (errorCaught) {","                    console.error(errorCaught);","                }","            }","        };","        // log stderr and stdout to #outputTextareaStdout1","        ['error', 'log'].forEach(function (key) {","            console[key + '_original'] = console[key];","            console[key] = function () {","                var element;","                console[key + '_original'].apply(console, arguments);","                element = document.querySelector('#outputTextareaStdout1');","                if (!element) {","                    return;","                }","                // append text to #outputTextareaStdout1","                element.value += Array.from(arguments).map(function (arg) {","                    return typeof arg === 'string'","                        ? arg","                        : JSON.stringify(arg, null, 4);","                }).join(' ') + '\\n';","                // scroll textarea to bottom","                element.scrollTop = element.scrollHeight;","            };","        });","        // init event-handling","        ['change', 'click', 'keyup'].forEach(function (event) {","            Array.from(document.querySelectorAll('.on' + event)).forEach(function (element) {","                element.addEventListener(event, local.testRunBrowser);","            });","        });","        // run tests","        local.testRunBrowser();","        break;","","","","    // run node js-env code - post-init","    /* istanbul ignore next */","    case 'node':","        // export local","        module.exports = local;","        // require modules","        local.fs = require('fs');","        local.http = require('http');","        local.url = require('url');","        // init assets","        local.assetsDict = local.assetsDict || {};","        /* jslint-ignore-begin */","        local.assetsDict['/assets.index.template.html'] = '\\","<!doctype html>\\n\\","<html lang=\"en\">\\n\\","<head>\\n\\","<meta charset=\"UTF-8\">\\n\\","<meta name=\"viewport\" content=\"width=device-width, initial-scale=1\">\\n\\","<title>{{env.npm_package_name}} (v{{env.npm_package_version}})</title>\\n\\","<style>\\n\\","/*csslint\\n\\","    box-sizing: false,\\n\\","    universal-selector: false\\n\\","*/\\n\\","* {\\n\\","    box-sizing: border-box;\\n\\","}\\n\\","body {\\n\\","    background: #dde;\\n\\","    font-family: Arial, Helvetica, sans-serif;\\n\\","    margin: 2rem;\\n\\","}\\n\\","body > * {\\n\\","    margin-bottom: 1rem;\\n\\","}\\n\\",".utility2FooterDiv {\\n\\","    margin-top: 20px;\\n\\","    text-align: center;\\n\\","}\\n\\","</style>\\n\\","<style>\\n\\","/*csslint\\n\\","*/\\n\\","textarea {\\n\\","    font-family: monospace;\\n\\","    height: 10rem;\\n\\","    width: 100%;\\n\\","}\\n\\","textarea[readonly] {\\n\\","    background: #ddd;\\n\\","}\\n\\","</style>\\n\\","</head>\\n\\","<body>\\n\\","<!-- utility2-comment\\n\\","<div id=\"ajaxProgressDiv1\" style=\"background: #d00; height: 2px; left: 0; margin: 0; padding: 0; position: fixed; top: 0; transition: background 0.5s, width 1.5s; width: 25%;\"></div>\\n\\","utility2-comment -->\\n\\","<h1>\\n\\","<!-- utility2-comment\\n\\","    <a\\n\\","        {{#if env.npm_package_homepage}}\\n\\","        href=\"{{env.npm_package_homepage}}\"\\n\\","        {{/if env.npm_package_homepage}}\\n\\","        target=\"_blank\"\\n\\","    >\\n\\","utility2-comment -->\\n\\","        {{env.npm_package_name}} (v{{env.npm_package_version}})\\n\\","<!-- utility2-comment\\n\\","    </a>\\n\\","utility2-comment -->\\n\\","</h1>\\n\\","<h3>{{env.npm_package_description}}</h3>\\n\\","<!-- utility2-comment\\n\\","<h4><a download href=\"assets.app.js\">download standalone app</a></h4>\\n\\","<button class=\"onclick onreset\" id=\"testRunButton1\">run internal test</button><br>\\n\\","<div id=\"testReportDiv1\" style=\"display: none;\"></div>\\n\\","utility2-comment -->\\n\\","\\n\\","\\n\\","\\n\\","<label>stderr and stdout</label>\\n\\","<textarea class=\"resettable\" id=\"outputTextareaStdout1\" readonly></textarea>\\n\\","<!-- utility2-comment\\n\\","{{#if isRollup}}\\n\\","<script src=\"assets.app.js\"></script>\\n\\","{{#unless isRollup}}\\n\\","utility2-comment -->\\n\\","<script src=\"assets.utility2.rollup.js\"></script>\\n\\","<script src=\"jsonp.utility2._stateInit?callback=window.utility2._stateInit\"></script>\\n\\","<script src=\"assets.npmtest_jitsu.rollup.js\"></script>\\n\\","<script src=\"assets.example.js\"></script>\\n\\","<script src=\"assets.test.js\"></script>\\n\\","<!-- utility2-comment\\n\\","{{/if isRollup}}\\n\\","utility2-comment -->\\n\\","<div class=\"utility2FooterDiv\">\\n\\","    [ this app was created with\\n\\","    <a href=\"https://github.com/kaizhu256/node-utility2\" target=\"_blank\">utility2</a>\\n\\","    ]\\n\\","</div>\\n\\","</body>\\n\\","</html>\\n\\","';","        /* jslint-ignore-end */","        if (local.templateRender) {","            local.assetsDict['/'] = local.templateRender(","                local.assetsDict['/assets.index.template.html'],","                {","                    env: local.objectSetDefault(local.env, {","                        npm_package_description: 'the greatest app in the world!',","                        npm_package_name: 'my-app',","                        npm_package_nameAlias: 'my_app',","                        npm_package_version: '0.0.1'","                    })","                }","            );","        } else {","            local.assetsDict['/'] = local.assetsDict['/assets.index.template.html']","                .replace((/\\{\\{env\\.(\\w+?)\\}\\}/g), function (match0, match1) {","                    // jslint-hack","                    String(match0);","                    switch (match1) {","                    case 'npm_package_description':","                        return 'the greatest app in the world!';","                    case 'npm_package_name':","                        return 'my-app';","                    case 'npm_package_nameAlias':","                        return 'my_app';","                    case 'npm_package_version':","                        return '0.0.1';","                    }","                });","        }","        // run the cli","        if (local.global.utility2_rollup || module !== require.main) {","            break;","        }","        local.assetsDict['/assets.example.js'] =","            local.assetsDict['/assets.example.js'] ||","            local.fs.readFileSync(__filename, 'utf8');","        // bug-workaround - long $npm_package_buildCustomOrg","        /* jslint-ignore-begin */","        local.assetsDict['/assets.npmtest_jitsu.rollup.js'] =","            local.assetsDict['/assets.npmtest_jitsu.rollup.js'] ||","            local.fs.readFileSync(","                local.npmtest_jitsu.__dirname + '/lib.npmtest_jitsu.js',","                'utf8'","            ).replace((/^#!/), '//');","        /* jslint-ignore-end */","        local.assetsDict['/favicon.ico'] = local.assetsDict['/favicon.ico'] || '';","        // if $npm_config_timeout_exit exists,","        // then exit this process after $npm_config_timeout_exit ms","        if (Number(process.env.npm_config_timeout_exit)) {","            setTimeout(process.exit, Number(process.env.npm_config_timeout_exit));","        }","        // start server","        if (local.global.utility2_serverHttp1) {","            break;","        }","        process.env.PORT = process.env.PORT || '8081';","        console.error('server starting on port ' + process.env.PORT);","        local.http.createServer(function (request, response) {","            request.urlParsed = local.url.parse(request.url);","            if (local.assetsDict[request.urlParsed.pathname] !== undefined) {","                response.end(local.assetsDict[request.urlParsed.pathname]);","                return;","            }","            response.statusCode = 404;","            response.end();","        }).listen(process.env.PORT);","        break;","    }","}());",""],"l":{"26":2,"28":2,"33":2,"35":2,"37":2,"38":2,"39":2,"44":1,"51":2,"55":2,"59":2,"61":2,"69":1,"70":2,"76":2,"79":2,"82":2,"83":2,"85":1,"89":2,"92":1,"93":1,"94":1,"96":1,"97":1,"100":1,"101":1,"103":1,"106":1,"108":2,"114":1,"116":1,"118":1,"123":1,"124":2,"125":2,"126":3,"127":3,"128":3,"129":3,"130":1,"133":3,"134":3,"139":3,"143":1,"144":3,"145":1,"149":1,"150":1,"158":1,"160":1,"161":1,"162":1,"164":1,"166":1,"258":1,"259":1,"271":1,"274":6,"275":6,"277":1,"279":2,"281":1,"283":2,"288":1,"289":1,"291":1,"296":1,"303":1,"306":1,"307":1,"310":1,"311":1,"313":1,"314":1,"315":1,"316":1,"317":1,"318":1,"319":1,"321":1,"322":1,"324":1}},"/home/travis/build/npmtest/node-npmtest-jitsu/node_modules/jitsu/lib/jitsu.js":{"path":"/home/travis/build/npmtest/node-npmtest-jitsu/node_modules/jitsu/lib/jitsu.js","s":{"1":1,"2":1,"3":1,"4":1,"5":1,"6":1,"7":1,"8":1,"9":1,"10":1,"11":1,"12":1,"13":1,"14":1,"15":1,"16":1,"17":1,"18":1,"19":1,"20":1,"21":1,"22":1,"23":1,"24":1,"25":0,"26":0,"27":0,"28":0,"29":0,"30":1,"31":0,"32":0,"33":0,"34":0,"35":0,"36":0,"37":0,"38":0,"39":0,"40":0,"41":0,"42":0,"43":0,"44":0,"45":0,"46":0,"47":0,"48":0,"49":0,"50":0,"51":0,"52":0,"53":0,"54":0,"55":0,"56":0,"57":0,"58":0,"59":0,"60":0,"61":0,"62":0,"63":1,"64":1,"65":0,"66":0,"67":0,"68":0,"69":0,"70":0,"71":0,"72":0,"73":0,"74":0,"75":0,"76":0,"77":0,"78":0,"79":0,"80":0,"81":0,"82":0,"83":0,"84":0,"85":0,"86":0,"87":0,"88":1,"89":0,"90":0,"91":0,"92":0,"93":0,"94":0,"95":0,"96":0,"97":0,"98":0,"99":0,"100":0,"101":0,"102":1,"103":0,"104":0,"105":0,"106":0,"107":0,"108":0,"109":0,"110":1,"111":0,"112":1,"113":0,"114":0,"115":0,"116":1,"117":0,"118":0,"119":0,"120":1,"121":0,"122":0,"123":0,"124":0,"125":0,"126":0,"127":0,"128":0,"129":0,"130":0,"131":0,"132":0,"133":0,"134":0,"135":0,"136":0,"137":0,"138":0,"139":0,"140":0,"141":0,"142":0,"143":0,"144":0,"145":0,"146":0,"147":0,"148":0,"149":0,"150":0,"151":0,"152":0,"153":0,"154":0,"155":0,"156":0,"157":0,"158":0,"159":0,"160":0,"161":0,"162":0,"163":0,"164":0,"165":0,"166":0,"167":0,"168":0,"169":0,"170":0,"171":0,"172":0,"173":0,"174":0},"b":{"1":[0,0],"2":[0,0],"3":[0,0],"4":[0,0],"5":[0,0],"6":[0,0],"7":[0,0],"8":[0,0],"9":[0,0],"10":[0,0],"11":[0,0],"12":[0,0],"13":[0,0],"14":[0,0],"15":[0,0],"16":[0,0],"17":[0,0,0],"18":[0,0],"19":[0,0],"20":[0,0],"21":[0,0],"22":[0,0],"23":[0,0,0],"24":[0,0],"25":[0,0],"26":[0,0],"27":[0,0],"28":[0,0],"29":[0,0],"30":[0,0],"31":[0,0],"32":[0,0],"33":[0,0],"34":[0,0],"35":[0,0],"36":[0,0],"37":[0,0],"38":[0,0],"39":[0,0],"40":[0,0],"41":[0,0],"42":[0,0],"43":[0,0],"44":[0,0],"45":[0,0],"46":[0,0],"47":[0,0],"48":[0,0],"49":[0,0],"50":[0,0],"51":[0,0],"52":[0,0],"53":[0,0],"54":[0,0],"55":[0,0,0,0],"56":[0,0],"57":[0,0],"58":[0,0]},"f":{"1":0,"2":0,"3":0,"4":0,"5":0,"6":0,"7":0,"8":0,"9":0,"10":0,"11":0,"12":0,"13":0,"14":0,"15":0,"16":0,"17":0,"18":0,"19":0,"20":0,"21":0,"22":0},"fnMap":{"1":{"name":"(anonymous_1)","line":112,"loc":{"start":{"line":112,"column":16},"end":{"line":112,"column":28}}},"2":{"name":"(anonymous_2)","line":132,"loc":{"start":{"line":132,"column":14},"end":{"line":132,"column":34}}},"3":{"name":"(anonymous_3)","line":149,"loc":{"start":{"line":149,"column":13},"end":{"line":149,"column":28}}},"4":{"name":"(anonymous_4)","line":156,"loc":{"start":{"line":156,"column":30},"end":{"line":156,"column":45}}},"5":{"name":"(anonymous_5)","line":184,"loc":{"start":{"line":184,"column":42},"end":{"line":184,"column":57}}},"6":{"name":"(anonymous_6)","line":206,"loc":{"start":{"line":206,"column":13},"end":{"line":206,"column":42}}},"7":{"name":"execCommand","line":207,"loc":{"start":{"line":207,"column":2},"end":{"line":207,"column":29}}},"8":{"name":"(anonymous_8)","line":247,"loc":{"start":{"line":247,"column":62},"end":{"line":247,"column":86}}},"9":{"name":"(anonymous_9)","line":269,"loc":{"start":{"line":269,"column":14},"end":{"line":269,"column":34}}},"10":{"name":"(anonymous_10)","line":284,"loc":{"start":{"line":284,"column":72},"end":{"line":284,"column":87}}},"11":{"name":"debug","line":289,"loc":{"start":{"line":289,"column":4},"end":{"line":289,"column":26}}},"12":{"name":"(anonymous_12)","line":313,"loc":{"start":{"line":313,"column":18},"end":{"line":313,"column":57}}},"13":{"name":"unknownError","line":324,"loc":{"start":{"line":324,"column":2},"end":{"line":324,"column":40}}},"14":{"name":"(anonymous_14)","line":326,"loc":{"start":{"line":326,"column":30},"end":{"line":326,"column":46}}},"15":{"name":"solenoidError","line":335,"loc":{"start":{"line":335,"column":2},"end":{"line":335,"column":34}}},"16":{"name":"(anonymous_16)","line":337,"loc":{"start":{"line":337,"column":41},"end":{"line":337,"column":57}}},"17":{"name":"appError","line":346,"loc":{"start":{"line":346,"column":2},"end":{"line":346,"column":29}}},"18":{"name":"(anonymous_18)","line":349,"loc":{"start":{"line":349,"column":41},"end":{"line":349,"column":57}}},"19":{"name":"(anonymous_19)","line":392,"loc":{"start":{"line":392,"column":47},"end":{"line":392,"column":62}}},"20":{"name":"(anonymous_20)","line":395,"loc":{"start":{"line":395,"column":48},"end":{"line":395,"column":63}}},"21":{"name":"(anonymous_21)","line":398,"loc":{"start":{"line":398,"column":45},"end":{"line":398,"column":60}}},"22":{"name":"(anonymous_22)","line":430,"loc":{"start":{"line":430,"column":40},"end":{"line":430,"column":57}}}},"statementMap":{"1":{"start":{"line":8,"column":0},"end":{"line":11,"column":34}},"2":{"start":{"line":12,"column":4},"end":{"line":12,"column":50}},"3":{"start":{"line":14,"column":0},"end":{"line":14,"column":42}},"4":{"start":{"line":19,"column":0},"end":{"line":19,"column":46}},"5":{"start":{"line":24,"column":0},"end":{"line":68,"column":3}},"6":{"start":{"line":70,"column":0},"end":{"line":74,"column":2}},"7":{"start":{"line":79,"column":0},"end":{"line":82,"column":2}},"8":{"start":{"line":83,"column":0},"end":{"line":83,"column":37}},"9":{"start":{"line":84,"column":0},"end":{"line":84,"column":26}},"10":{"start":{"line":85,"column":0},"end":{"line":85,"column":25}},"11":{"start":{"line":86,"column":0},"end":{"line":86,"column":28}},"12":{"start":{"line":91,"column":0},"end":{"line":91,"column":23}},"13":{"start":{"line":92,"column":0},"end":{"line":92,"column":43}},"14":{"start":{"line":93,"column":0},"end":{"line":93,"column":44}},"15":{"start":{"line":94,"column":0},"end":{"line":94,"column":107}},"16":{"start":{"line":99,"column":0},"end":{"line":99,"column":29}},"17":{"start":{"line":100,"column":0},"end":{"line":100,"column":58}},"18":{"start":{"line":101,"column":0},"end":{"line":101,"column":56}},"19":{"start":{"line":102,"column":0},"end":{"line":102,"column":61}},"20":{"start":{"line":103,"column":0},"end":{"line":103,"column":56}},"21":{"start":{"line":104,"column":0},"end":{"line":104,"column":61}},"22":{"start":{"line":105,"column":0},"end":{"line":105,"column":57}},"23":{"start":{"line":106,"column":0},"end":{"line":106,"column":58}},"24":{"start":{"line":112,"column":0},"end":{"line":124,"column":2}},"25":{"start":{"line":116,"column":2},"end":{"line":116,"column":52}},"26":{"start":{"line":118,"column":2},"end":{"line":118,"column":24}},"27":{"start":{"line":120,"column":2},"end":{"line":120,"column":76}},"28":{"start":{"line":121,"column":2},"end":{"line":121,"column":74}},"29":{"start":{"line":122,"column":2},"end":{"line":122,"column":85}},"30":{"start":{"line":132,"column":0},"end":{"line":198,"column":2}},"31":{"start":{"line":137,"column":2},"end":{"line":137,"column":81}},"32":{"start":{"line":139,"column":2},"end":{"line":139,"column":38}},"33":{"start":{"line":144,"column":2},"end":{"line":147,"column":3}},"34":{"start":{"line":145,"column":4},"end":{"line":145,"column":52}},"35":{"start":{"line":146,"column":4},"end":{"line":146,"column":11}},"36":{"start":{"line":149,"column":2},"end":{"line":197,"column":5}},"37":{"start":{"line":150,"column":4},"end":{"line":154,"column":5}},"38":{"start":{"line":151,"column":6},"end":{"line":151,"column":22}},"39":{"start":{"line":152,"column":6},"end":{"line":152,"column":51}},"40":{"start":{"line":153,"column":6},"end":{"line":153,"column":27}},"41":{"start":{"line":156,"column":4},"end":{"line":196,"column":7}},"42":{"start":{"line":157,"column":6},"end":{"line":159,"column":7}},"43":{"start":{"line":158,"column":8},"end":{"line":158,"column":26}},"44":{"start":{"line":161,"column":6},"end":{"line":161,"column":26}},"45":{"start":{"line":168,"column":6},"end":{"line":172,"column":7}},"46":{"start":{"line":169,"column":8},"end":{"line":169,"column":29}},"47":{"start":{"line":170,"column":8},"end":{"line":170,"column":52}},"48":{"start":{"line":171,"column":8},"end":{"line":171,"column":69}},"49":{"start":{"line":174,"column":6},"end":{"line":174,"column":22}},"50":{"start":{"line":176,"column":6},"end":{"line":176,"column":44}},"51":{"start":{"line":178,"column":6},"end":{"line":180,"column":7}},"52":{"start":{"line":179,"column":8},"end":{"line":179,"column":98}},"53":{"start":{"line":182,"column":6},"end":{"line":182,"column":46}},"54":{"start":{"line":183,"column":6},"end":{"line":194,"column":7}},"55":{"start":{"line":184,"column":8},"end":{"line":193,"column":11}},"56":{"start":{"line":185,"column":10},"end":{"line":188,"column":11}},"57":{"start":{"line":186,"column":12},"end":{"line":186,"column":57}},"58":{"start":{"line":187,"column":12},"end":{"line":187,"column":33}},"59":{"start":{"line":190,"column":10},"end":{"line":190,"column":54}},"60":{"start":{"line":191,"column":10},"end":{"line":191,"column":77}},"61":{"start":{"line":192,"column":10},"end":{"line":192,"column":52}},"62":{"start":{"line":195,"column":6},"end":{"line":195,"column":48}},"63":{"start":{"line":206,"column":0},"end":{"line":261,"column":2}},"64":{"start":{"line":207,"column":2},"end":{"line":258,"column":3}},"65":{"start":{"line":208,"column":4},"end":{"line":210,"column":5}},"66":{"start":{"line":209,"column":6},"end":{"line":209,"column":27}},"67":{"start":{"line":216,"column":4},"end":{"line":218,"column":5}},"68":{"start":{"line":217,"column":6},"end":{"line":217,"column":29}},"69":{"start":{"line":221,"column":4},"end":{"line":223,"column":5}},"70":{"start":{"line":222,"column":6},"end":{"line":222,"column":31}},"71":{"start":{"line":226,"column":4},"end":{"line":228,"column":5}},"72":{"start":{"line":227,"column":6},"end":{"line":227,"column":25}},"73":{"start":{"line":231,"column":4},"end":{"line":236,"column":5}},"74":{"start":{"line":232,"column":6},"end":{"line":232,"column":30}},"75":{"start":{"line":233,"column":6},"end":{"line":233,"column":28}},"76":{"start":{"line":234,"column":6},"end":{"line":234,"column":25}},"77":{"start":{"line":235,"column":6},"end":{"line":235,"column":32}},"78":{"start":{"line":241,"column":4},"end":{"line":244,"column":5}},"79":{"start":{"line":242,"column":6},"end":{"line":242,"column":49}},"80":{"start":{"line":243,"column":6},"end":{"line":243,"column":55}},"81":{"start":{"line":246,"column":4},"end":{"line":246,"column":69}},"82":{"start":{"line":247,"column":4},"end":{"line":257,"column":7}},"83":{"start":{"line":248,"column":6},"end":{"line":251,"column":7}},"84":{"start":{"line":249,"column":8},"end":{"line":249,"column":57}},"85":{"start":{"line":250,"column":8},"end":{"line":250,"column":29}},"86":{"start":{"line":256,"column":6},"end":{"line":256,"column":17}},"87":{"start":{"line":260,"column":2},"end":{"line":260,"column":67}},"88":{"start":{"line":269,"column":0},"end":{"line":303,"column":2}},"89":{"start":{"line":270,"column":2},"end":{"line":272,"column":3}},"90":{"start":{"line":271,"column":4},"end":{"line":271,"column":22}},"91":{"start":{"line":274,"column":2},"end":{"line":274,"column":66}},"92":{"start":{"line":275,"column":2},"end":{"line":277,"column":3}},"93":{"start":{"line":276,"column":4},"end":{"line":276,"column":50}},"94":{"start":{"line":279,"column":2},"end":{"line":279,"column":57}},"95":{"start":{"line":280,"column":2},"end":{"line":282,"column":3}},"96":{"start":{"line":281,"column":4},"end":{"line":281,"column":69}},"97":{"start":{"line":284,"column":2},"end":{"line":299,"column":5}},"98":{"start":{"line":285,"column":4},"end":{"line":285,"column":30}},"99":{"start":{"line":286,"column":4},"end":{"line":286,"column":48}},"100":{"start":{"line":287,"column":4},"end":{"line":287,"column":42}},"101":{"start":{"line":288,"column":4},"end":{"line":288,"column":42}},"102":{"start":{"line":289,"column":4},"end":{"line":298,"column":5}},"103":{"start":{"line":290,"column":6},"end":{"line":297,"column":7}},"104":{"start":{"line":291,"column":8},"end":{"line":294,"column":9}},"105":{"start":{"line":292,"column":10},"end":{"line":292,"column":50}},"106":{"start":{"line":293,"column":10},"end":{"line":293,"column":96}},"107":{"start":{"line":296,"column":8},"end":{"line":296,"column":83}},"108":{"start":{"line":301,"column":2},"end":{"line":301,"column":23}},"109":{"start":{"line":302,"column":2},"end":{"line":302,"column":13}},"110":{"start":{"line":313,"column":0},"end":{"line":451,"column":2}},"111":{"start":{"line":314,"column":2},"end":{"line":317,"column":12}},"112":{"start":{"line":324,"column":2},"end":{"line":329,"column":3}},"113":{"start":{"line":325,"column":4},"end":{"line":325,"column":29}},"114":{"start":{"line":326,"column":4},"end":{"line":328,"column":6}},"115":{"start":{"line":327,"column":6},"end":{"line":327,"column":28}},"116":{"start":{"line":335,"column":2},"end":{"line":340,"column":3}},"117":{"start":{"line":336,"column":4},"end":{"line":336,"column":79}},"118":{"start":{"line":337,"column":4},"end":{"line":339,"column":7}},"119":{"start":{"line":338,"column":6},"end":{"line":338,"column":28}},"120":{"start":{"line":346,"column":2},"end":{"line":357,"column":3}},"121":{"start":{"line":347,"column":4},"end":{"line":352,"column":5}},"122":{"start":{"line":348,"column":6},"end":{"line":348,"column":86}},"123":{"start":{"line":349,"column":6},"end":{"line":351,"column":8}},"124":{"start":{"line":350,"column":8},"end":{"line":350,"column":30}},"125":{"start":{"line":354,"column":4},"end":{"line":356,"column":31}},"126":{"start":{"line":359,"column":2},"end":{"line":442,"column":3}},"127":{"start":{"line":362,"column":7},"end":{"line":442,"column":3}},"128":{"start":{"line":363,"column":4},"end":{"line":368,"column":5}},"129":{"start":{"line":364,"column":6},"end":{"line":364,"column":42}},"130":{"start":{"line":367,"column":6},"end":{"line":367,"column":96}},"131":{"start":{"line":370,"column":7},"end":{"line":442,"column":3}},"132":{"start":{"line":371,"column":4},"end":{"line":371,"column":64}},"133":{"start":{"line":372,"column":4},"end":{"line":374,"column":5}},"134":{"start":{"line":373,"column":6},"end":{"line":373,"column":29}},"135":{"start":{"line":376,"column":4},"end":{"line":437,"column":5}},"136":{"start":{"line":377,"column":6},"end":{"line":379,"column":7}},"137":{"start":{"line":378,"column":8},"end":{"line":378,"column":44}},"138":{"start":{"line":381,"column":6},"end":{"line":388,"column":7}},"139":{"start":{"line":382,"column":8},"end":{"line":387,"column":9}},"140":{"start":{"line":383,"column":10},"end":{"line":383,"column":44}},"141":{"start":{"line":384,"column":10},"end":{"line":384,"column":107}},"142":{"start":{"line":386,"column":10},"end":{"line":386,"column":44}},"143":{"start":{"line":390,"column":6},"end":{"line":416,"column":7}},"144":{"start":{"line":391,"column":8},"end":{"line":401,"column":10}},"145":{"start":{"line":393,"column":12},"end":{"line":393,"column":46}},"146":{"start":{"line":396,"column":12},"end":{"line":396,"column":47}},"147":{"start":{"line":399,"column":12},"end":{"line":399,"column":44}},"148":{"start":{"line":403,"column":8},"end":{"line":408,"column":9}},"149":{"start":{"line":404,"column":10},"end":{"line":404,"column":49}},"150":{"start":{"line":406,"column":13},"end":{"line":408,"column":9}},"151":{"start":{"line":407,"column":10},"end":{"line":407,"column":50}},"152":{"start":{"line":410,"column":8},"end":{"line":412,"column":87}},"153":{"start":{"line":414,"column":11},"end":{"line":416,"column":7}},"154":{"start":{"line":415,"column":8},"end":{"line":415,"column":80}},"155":{"start":{"line":419,"column":6},"end":{"line":436,"column":7}},"156":{"start":{"line":420,"column":8},"end":{"line":433,"column":9}},"157":{"start":{"line":421,"column":10},"end":{"line":421,"column":67}},"158":{"start":{"line":422,"column":10},"end":{"line":422,"column":89}},"159":{"start":{"line":423,"column":15},"end":{"line":433,"column":9}},"160":{"start":{"line":424,"column":10},"end":{"line":426,"column":66}},"161":{"start":{"line":427,"column":10},"end":{"line":427,"column":73}},"162":{"start":{"line":428,"column":10},"end":{"line":428,"column":81}},"163":{"start":{"line":430,"column":10},"end":{"line":432,"column":13}},"164":{"start":{"line":431,"column":12},"end":{"line":431,"column":35}},"165":{"start":{"line":435,"column":8},"end":{"line":435,"column":15}},"166":{"start":{"line":439,"column":4},"end":{"line":441,"column":5}},"167":{"start":{"line":440,"column":6},"end":{"line":440,"column":35}},"168":{"start":{"line":444,"column":2},"end":{"line":444,"column":72}},"169":{"start":{"line":445,"column":2},"end":{"line":445,"column":63}},"170":{"start":{"line":446,"column":2},"end":{"line":446,"column":68}},"171":{"start":{"line":447,"column":2},"end":{"line":447,"column":55}},"172":{"start":{"line":448,"column":2},"end":{"line":448,"column":21}},"173":{"start":{"line":449,"column":2},"end":{"line":449,"column":85}},"174":{"start":{"line":450,"column":2},"end":{"line":450,"column":56}}},"branchMap":{"1":{"line":116,"type":"binary-expr","locations":[{"start":{"line":116,"column":17},"end":{"line":116,"column":45}},{"start":{"line":116,"column":49},"end":{"line":116,"column":51}}]},"2":{"line":137,"type":"binary-expr","locations":[{"start":{"line":137,"column":19},"end":{"line":137,"column":58}},{"start":{"line":137,"column":62},"end":{"line":137,"column":79}}]},"3":{"line":139,"type":"binary-expr","locations":[{"start":{"line":139,"column":2},"end":{"line":139,"column":11}},{"start":{"line":139,"column":16},"end":{"line":139,"column":36}}]},"4":{"line":144,"type":"if","locations":[{"start":{"line":144,"column":2},"end":{"line":144,"column":2}},{"start":{"line":144,"column":2},"end":{"line":144,"column":2}}]},"5":{"line":145,"type":"binary-expr","locations":[{"start":{"line":145,"column":16},"end":{"line":145,"column":44}},{"start":{"line":145,"column":48},"end":{"line":145,"column":50}}]},"6":{"line":150,"type":"if","locations":[{"start":{"line":150,"column":4},"end":{"line":150,"column":4}},{"start":{"line":150,"column":4},"end":{"line":150,"column":4}}]},"7":{"line":157,"type":"if","locations":[{"start":{"line":157,"column":6},"end":{"line":157,"column":6}},{"start":{"line":157,"column":6},"end":{"line":157,"column":6}}]},"8":{"line":168,"type":"if","locations":[{"start":{"line":168,"column":6},"end":{"line":168,"column":6}},{"start":{"line":168,"column":6},"end":{"line":168,"column":6}}]},"9":{"line":168,"type":"binary-expr","locations":[{"start":{"line":168,"column":11},"end":{"line":168,"column":38}},{"start":{"line":168,"column":42},"end":{"line":168,"column":52}}]},"10":{"line":178,"type":"if","locations":[{"start":{"line":178,"column":6},"end":{"line":178,"column":6}},{"start":{"line":178,"column":6},"end":{"line":178,"column":6}}]},"11":{"line":183,"type":"if","locations":[{"start":{"line":183,"column":6},"end":{"line":183,"column":6}},{"start":{"line":183,"column":6},"end":{"line":183,"column":6}}]},"12":{"line":183,"type":"binary-expr","locations":[{"start":{"line":183,"column":10},"end":{"line":183,"column":19}},{"start":{"line":183,"column":23},"end":{"line":183,"column":87}}]},"13":{"line":185,"type":"if","locations":[{"start":{"line":185,"column":10},"end":{"line":185,"column":10}},{"start":{"line":185,"column":10},"end":{"line":185,"column":10}}]},"14":{"line":208,"type":"if","locations":[{"start":{"line":208,"column":4},"end":{"line":208,"column":4}},{"start":{"line":208,"column":4},"end":{"line":208,"column":4}}]},"15":{"line":216,"type":"if","locations":[{"start":{"line":216,"column":4},"end":{"line":216,"column":4}},{"start":{"line":216,"column":4},"end":{"line":216,"column":4}}]},"16":{"line":221,"type":"if","locations":[{"start":{"line":221,"column":4},"end":{"line":221,"column":4}},{"start":{"line":221,"column":4},"end":{"line":221,"column":4}}]},"17":{"line":221,"type":"binary-expr","locations":[{"start":{"line":221,"column":8},"end":{"line":221,"column":27}},{"start":{"line":221,"column":31},"end":{"line":221,"column":51}},{"start":{"line":221,"column":55},"end":{"line":221,"column":80}}]},"18":{"line":226,"type":"if","locations":[{"start":{"line":226,"column":4},"end":{"line":226,"column":4}},{"start":{"line":226,"column":4},"end":{"line":226,"column":4}}]},"19":{"line":226,"type":"binary-expr","locations":[{"start":{"line":226,"column":8},"end":{"line":226,"column":29}},{"start":{"line":226,"column":33},"end":{"line":226,"column":53}}]},"20":{"line":231,"type":"if","locations":[{"start":{"line":231,"column":4},"end":{"line":231,"column":4}},{"start":{"line":231,"column":4},"end":{"line":231,"column":4}}]},"21":{"line":231,"type":"binary-expr","locations":[{"start":{"line":231,"column":8},"end":{"line":231,"column":29}},{"start":{"line":231,"column":33},"end":{"line":231,"column":53}}]},"22":{"line":241,"type":"if","locations":[{"start":{"line":241,"column":4},"end":{"line":241,"column":4}},{"start":{"line":241,"column":4},"end":{"line":241,"column":4}}]},"23":{"line":241,"type":"binary-expr","locations":[{"start":{"line":241,"column":8},"end":{"line":241,"column":31}},{"start":{"line":241,"column":35},"end":{"line":241,"column":57}},{"start":{"line":241,"column":61},"end":{"line":241,"column":84}}]},"24":{"line":248,"type":"if","locations":[{"start":{"line":248,"column":6},"end":{"line":248,"column":6}},{"start":{"line":248,"column":6},"end":{"line":248,"column":6}}]},"25":{"line":260,"type":"cond-expr","locations":[{"start":{"line":260,"column":26},"end":{"line":260,"column":50}},{"start":{"line":260,"column":53},"end":{"line":260,"column":66}}]},"26":{"line":270,"type":"if","locations":[{"start":{"line":270,"column":2},"end":{"line":270,"column":2}},{"start":{"line":270,"column":2},"end":{"line":270,"column":2}}]},"27":{"line":275,"type":"if","locations":[{"start":{"line":275,"column":2},"end":{"line":275,"column":2}},{"start":{"line":275,"column":2},"end":{"line":275,"column":2}}]},"28":{"line":280,"type":"if","locations":[{"start":{"line":280,"column":2},"end":{"line":280,"column":2}},{"start":{"line":280,"column":2},"end":{"line":280,"column":2}}]},"29":{"line":290,"type":"if","locations":[{"start":{"line":290,"column":6},"end":{"line":290,"column":6}},{"start":{"line":290,"column":6},"end":{"line":290,"column":6}}]},"30":{"line":290,"type":"binary-expr","locations":[{"start":{"line":290,"column":10},"end":{"line":290,"column":26}},{"start":{"line":290,"column":30},"end":{"line":290,"column":55}}]},"31":{"line":291,"type":"if","locations":[{"start":{"line":291,"column":8},"end":{"line":291,"column":8}},{"start":{"line":291,"column":8},"end":{"line":291,"column":8}}]},"32":{"line":291,"type":"binary-expr","locations":[{"start":{"line":291,"column":12},"end":{"line":291,"column":24}},{"start":{"line":291,"column":28},"end":{"line":291,"column":57}}]},"33":{"line":347,"type":"if","locations":[{"start":{"line":347,"column":4},"end":{"line":347,"column":4}},{"start":{"line":347,"column":4},"end":{"line":347,"column":4}}]},"34":{"line":354,"type":"cond-expr","locations":[{"start":{"line":355,"column":8},"end":{"line":355,"column":52}},{"start":{"line":356,"column":8},"end":{"line":356,"column":30}}]},"35":{"line":359,"type":"if","locations":[{"start":{"line":359,"column":2},"end":{"line":359,"column":2}},{"start":{"line":359,"column":2},"end":{"line":359,"column":2}}]},"36":{"line":362,"type":"if","locations":[{"start":{"line":362,"column":7},"end":{"line":362,"column":7}},{"start":{"line":362,"column":7},"end":{"line":362,"column":7}}]},"37":{"line":363,"type":"if","locations":[{"start":{"line":363,"column":4},"end":{"line":363,"column":4}},{"start":{"line":363,"column":4},"end":{"line":363,"column":4}}]},"38":{"line":363,"type":"binary-expr","locations":[{"start":{"line":363,"column":8},"end":{"line":363,"column":18}},{"start":{"line":363,"column":22},"end":{"line":363,"column":40}}]},"39":{"line":370,"type":"if","locations":[{"start":{"line":370,"column":7},"end":{"line":370,"column":7}},{"start":{"line":370,"column":7},"end":{"line":370,"column":7}}]},"40":{"line":372,"type":"if","locations":[{"start":{"line":372,"column":4},"end":{"line":372,"column":4}},{"start":{"line":372,"column":4},"end":{"line":372,"column":4}}]},"41":{"line":376,"type":"if","locations":[{"start":{"line":376,"column":4},"end":{"line":376,"column":4}},{"start":{"line":376,"column":4},"end":{"line":376,"column":4}}]},"42":{"line":377,"type":"if","locations":[{"start":{"line":377,"column":6},"end":{"line":377,"column":6}},{"start":{"line":377,"column":6},"end":{"line":377,"column":6}}]},"43":{"line":381,"type":"if","locations":[{"start":{"line":381,"column":6},"end":{"line":381,"column":6}},{"start":{"line":381,"column":6},"end":{"line":381,"column":6}}]},"44":{"line":381,"type":"binary-expr","locations":[{"start":{"line":381,"column":10},"end":{"line":381,"column":26}},{"start":{"line":381,"column":30},"end":{"line":381,"column":65}}]},"45":{"line":382,"type":"if","locations":[{"start":{"line":382,"column":8},"end":{"line":382,"column":8}},{"start":{"line":382,"column":8},"end":{"line":382,"column":8}}]},"46":{"line":390,"type":"if","locations":[{"start":{"line":390,"column":6},"end":{"line":390,"column":6}},{"start":{"line":390,"column":6},"end":{"line":390,"column":6}}]},"47":{"line":390,"type":"binary-expr","locations":[{"start":{"line":390,"column":10},"end":{"line":390,"column":27}},{"start":{"line":390,"column":31},"end":{"line":390,"column":63}}]},"48":{"line":403,"type":"if","locations":[{"start":{"line":403,"column":8},"end":{"line":403,"column":8}},{"start":{"line":403,"column":8},"end":{"line":403,"column":8}}]},"49":{"line":406,"type":"if","locations":[{"start":{"line":406,"column":13},"end":{"line":406,"column":13}},{"start":{"line":406,"column":13},"end":{"line":406,"column":13}}]},"50":{"line":410,"type":"cond-expr","locations":[{"start":{"line":411,"column":12},"end":{"line":411,"column":82}},{"start":{"line":412,"column":12},"end":{"line":412,"column":86}}]},"51":{"line":414,"type":"if","locations":[{"start":{"line":414,"column":11},"end":{"line":414,"column":11}},{"start":{"line":414,"column":11},"end":{"line":414,"column":11}}]},"52":{"line":419,"type":"if","locations":[{"start":{"line":419,"column":6},"end":{"line":419,"column":6}},{"start":{"line":419,"column":6},"end":{"line":419,"column":6}}]},"53":{"line":419,"type":"binary-expr","locations":[{"start":{"line":419,"column":10},"end":{"line":419,"column":19}},{"start":{"line":419,"column":23},"end":{"line":419,"column":31}}]},"54":{"line":420,"type":"if","locations":[{"start":{"line":420,"column":8},"end":{"line":420,"column":8}},{"start":{"line":420,"column":8},"end":{"line":420,"column":8}}]},"55":{"line":420,"type":"binary-expr","locations":[{"start":{"line":420,"column":12},"end":{"line":420,"column":23}},{"start":{"line":420,"column":27},"end":{"line":420,"column":59}},{"start":{"line":420,"column":63},"end":{"line":420,"column":71}},{"start":{"line":420,"column":75},"end":{"line":420,"column":100}}]},"56":{"line":423,"type":"if","locations":[{"start":{"line":423,"column":15},"end":{"line":423,"column":15}},{"start":{"line":423,"column":15},"end":{"line":423,"column":15}}]},"57":{"line":423,"type":"binary-expr","locations":[{"start":{"line":423,"column":19},"end":{"line":423,"column":30}},{"start":{"line":423,"column":34},"end":{"line":423,"column":61}}]},"58":{"line":439,"type":"if","locations":[{"start":{"line":439,"column":4},"end":{"line":439,"column":4}},{"start":{"line":439,"column":4},"end":{"line":439,"column":4}}]}},"code":["/*"," * jitsu.js: Top-level include for the jitsu module."," *"," * (C) 2010, Nodejitsu Inc."," *"," */","","var path = require('path'),","    util = require('util'),","    colors = require('colors'),","    flatiron = require('flatiron')","    godaddy = require('./jitsu/commands/godaddy');","","var jitsu = module.exports = flatiron.app;","","//","// Setup `jitsu` to use `pkginfo` to expose version","//","require('pkginfo')(module, 'name', 'version');","","//","// Configure jitsu to use `flatiron.plugins.cli`","//","jitsu.use(flatiron.plugins.cli, {","  version: true,","  usage: require('./jitsu/usage'),","  source: path.join(__dirname, 'jitsu', 'commands'),","  argv: {","    version: {","      alias: 'v',","      description: 'print jitsu version and exit',","      string: true","    },","    localconf: {","      description: 'search for .jitsuconf file in ./ and then parent directories',","      string: true","    },","    jitsuconf: {","      alias: 'j',","      description: 'specify file to load configuration from',","      string: true","    },","    noanalyze: {","      description: 'skip require-analyzer: do not attempt to dynamically detect dependencies',","      boolean: true","    },","    colors: {","      description: '--no-colors will disable output coloring',","      default: true,","      boolean: true","    },","    confirm: {","      alias: 'c',","      description: 'prevents jitsu from asking before overwriting/removing things',","      default: false,","      boolean: true","    },","    release: {","      alias: 'r',","      description: 'specify release version number or semantic increment (build, patch, minor, major)',","      string: true","    },","    raw: {","      description: 'jitsu will only output line-delimited raw JSON (useful for piping)',","      boolean: true","    }","  }","});","","jitsu.options.log = {","  console: {","    raw: jitsu.argv.raw","  }","};","","//","// Setup config, users, command aliases and prompt settings","//","jitsu.prompt.properties = flatiron.common.mixin(","  jitsu.prompt.properties,","  require('./jitsu/properties')",");","jitsu.prompt.override   = jitsu.argv;","require('./jitsu/config');","require('./jitsu/alias');","require('./jitsu/commands');","","//","// Setup other jitsu settings.","//","jitsu.started  = false;","jitsu.common   = require('./jitsu/common');","jitsu.package  = require('./jitsu/package');","jitsu.logFile  = new (require('./jitsu/common/logfile').LogFile)(path.join(process.env.HOME, '.jitsulog'));","","//","// Hoist `jitsu.api` from `nodejitsu-api` module.","//","
[...]
f <name> is supplied then that application',","  'is listed instead.',","  '',","  'jitsu apps view',","  'jitsu apps view <name>'","];","","//","// ### function list (callback)","// #### @name {string} **optional** Name of the application to create","// #### @callback {function} Continuation to pass control to when complete.","// Lists the applications for the authenticated user.","//","apps.update = function (name, callback) {","","//","  // Allows arbitrary amount of arguments","  //","  if (arguments.length) {","    var args = utile.args(arguments);","    callback = args.callback;","    name = args[0] || null;","  }","","  jitsu.log.silly('Reading package.json in ' + process.cwd());","  jitsu.package.tryRead(process.cwd(), callback, function (pkg) {","    name = name || pkg.name;","","    jitsu.apps.view(name, function (err, app) {","      if (err) {","        return callback(err);","      }","","      var diff = jitsu.common.objectDiff(app, pkg);","      if (!diff) {","        jitsu.log.warn('No changes found in package.json for ' + name.magenta);","        return callback();","      }","","      jitsu.log.info('Updating application ' + name.magenta + ' with:');","      jitsu.inspect.putObject(diff);","","      jitsu.apps.update(name, diff, callback);","    });","  });","};","","//","// Usage for `jitsu apps update [<name>]`","//","apps.update.usage = [","  'Updates the application in the current directory',","  'with the information in the package.json file. If',","  '<name> is supplied the application with <name> is updated.',","  '',","  'jitsu apps update',","  'jitsu apps update <name>'","];","","//","// ### function destroy (callback)","// #### @name {string} **optional** Name of the application to destroy.","// #### @callback {function} Continuation to pass control to when complete.","// Destroys the application specified by `name`. If no name is supplied","// this will destroy the application in the current directory.","//","apps.destroy = function (name, callback) {","","  //","  // Allows arbitrary amount of arguments","  //","  if (arguments.length) {","    var args = utile.args(arguments);","    callback = args.callback;","    name = args[0] || null;","  }","  if (!name) {","    jitsu.package.tryRead(process.cwd(), callback, function (pkg) {","      jitsu.log.info('Attempting to destroy app ' + pkg.name.magenta);","      name = pkg.name;","      executeDestroy();","    });","  } else {","    executeDestroy();","  }","","  function executeDestroy() {","    jitsu.log.info('Destroy app ' + name.magenta);","    jitsu.prompt.confirm('yes/no', { default: 'yes'}, function(err, result){","      if (result) {","        jitsu.apps.destroy(name, function (err) {","          jitsu.log.silly('Done destroying app ' + name.magenta);","          return err ? callback(err) : callback();","        });","      } else {","        jitsu.log.info('app ' + name.magenta + ' was not destroyed');","        callback(null);","      }","    });","  }","};","","//","// Usage for `jitsu apps destroy [<name>]`","//","apps.destroy.usage = [","  'Destroys the application in the current directory. If',","  '<name> is supplied then that application is destroyed instead',","  '',","  'jitsu apps destroy',","  'jitsu apps destroy <name>'","];","","//","// ### function start (callback)","// #### @name {string} **optional** Name of the application to start.","// #### @callback {function} Continuation to pass control to when complete.","// Starts the application specified by `name`. If no name is supplied","// this will start the application in the current directory.","//","apps.start = function (name, cloud, callback) {","","  //","  // Allows arbitrary amount of arguments","  //","  if (arguments.length) {","    var args = utile.args(arguments);","    callback = args.callback;","    name = args[0] || null;","    cloud = args[1] || null;","  }","","  // Little check when call jitsu start directly","  if (typeof cloud === 'string') {","    cloud = { provider: cloud };","    if (args[2]) {","      cloud.datacenter = args[2];","    } else {","      jitsu.log.error('Error: No datacenter name specified');","      jitsu.log.error('Please use a valid datacenter name.');","      return callback(new Error(), true)","    }","  }","","  function executeStart() {","    // Skip straight to cloud if we have cloud data.","    if (cloud) return apps.cloud(name, cloud.provider, cloud.datacenter, callback);","","    jitsu.log.info('Starting app ' + name.magenta);","","    var showInfo = function showInfo (err, config) {","      if (err) {","        return handleStartError(err, name, callback);","      }","","      async.series({","        //","        // 1. Fetch the endpoints so that we can properly","        //    tell the user what datacenter they are in later.","        //","        endpoints: function getEndpoints(next) {","          jitsu.apps.endpoints(next);","        },","        //","        // 2. Get app information to show the proper subdomain.","        //","        app: function start(next) {","          jitsu.apps.view(name, next);","        }","      }, function (err, result) {","        if (err) {","          return callback(err);","        }","","        var endpoints = result.endpoints,","            tld = (config && config.provider && config.datacenter)","              ? result.endpoints[config.provider][config.datacenter]","              : 'api.jit.su',","            subdomain = result.app.subdomain;","","        jitsu.log.info('App ' + name.magenta + ' is now started');","        jitsu.log.info(('http://' + subdomain + tld.replace('api', '')).magenta + ' on Port ' + '80'.magenta);","        callback();","      });","    }","","    return jitsu.apps.start(name, showInfo);","  }","","  if (!name) {","    return jitsu.package.tryRead(process.cwd(), callback, function (pkg) {","      name = pkg.name;","      executeStart();","    });","  } else {","    executeStart();","  }","","};","","//","// Usage for `jitsu apps start [<name>]`","//","apps.start.usage = [","  'Starts the application in the current directory. If <name>',","  'is supplied then that application is started instead.',","  '',","  'jitsu apps start',","  'jitsu apps start <name>'","];","","//","// ### function restart (name, callback)","// #### @name {string} **optional** Name of the application to restart.","// #### @callback {function} Continuation to pass control to when complete.","// Restarts the application specified by `name`. If no name is supplied","// this will restart the application in the current directory.","//","apps.restart = function (name, callback) {","","  //","  // Allows arbitrary amount of arguments","  //","  if (arguments.length) {","    var args = utile.args(arguments);","    callback = args.callback;","    name = args[0] || null;","  }","","  function executeRestart() {","    jitsu.log.info('Restarting app ' + name.magenta);","    jitsu.apps.restart(name, function (err) {","      if (err) {","        return callback(err);","      }","","      jitsu.log.info('App ' + name.magenta + ' has been restarted');","      callback();","    });","  }","","  if (!name) {","    return jitsu.package.tryRead(process.cwd(), callback, function (pkg) {","      name = pkg.name;","      executeRestart();","    });","  }","","  executeRestart();","};","","//","// Usage for `jitsu apps restart [<name>]`","//","apps.restart.usage = [","  'Restarts the application in the current directory. If <name>',","  'is supplied then that application is restarted instead.',","  '',","  'jitsu apps restart',","  'jitsu apps restart <name>'","];","","//","// ### function stop (callback)","// #### @name {string} **optional** Name of the application to stop.","// #### @callback {function} Continuation to pass control to when complete.","// Stops the application specified by `name`. If no name is supplied","// this will stop the application in the current directory.","//","apps.stop = function (name, callback) {","","  //","  // Allows arbitrary amount of arguments","  //","  if (arguments.length) {","    var args = utile.args(arguments);","    callback = args.callback;","    name = args[0] || null;","  }","","  function executeStop() {","    jitsu.log.info('Stopping app ' + name.magenta);","    jitsu.apps.stop(name, function (err) {","","      //","      // TODO: replace this error handling with errs library","      //","      if (err) {","        if (err.result && err.result.error === \"not_found\") {","          jitsu.log.error('App ' + name.magenta + ' doesn\\'t exist on Nodejitsu yet!');","          return callback({});","        }","        return callback(err);","      }","","      jitsu.log.info('App ' + name.magenta + ' is now stopped');","      callback();","    });","  }","","  if (!name) {","    return jitsu.package.tryRead(process.cwd(), callback, function (pkg) {","      name = pkg.name;","      executeStop();","    });","  }","","  executeStop();","};","","//","// Usage for `jitsu apps stop [<name>]`","//","apps.stop.usage = [","  'Stops the application in the current directory. If <name>',","  'is supplied then that application is stopped instead.',","  '',","  'jitsu apps stop',","  'jitsu apps stop <name>'","];","","//","// ### function setdrones (name, number, callback)","// #### @name {string} **optional** Name of the application to stop.","// #### @callback {function} Continuation to pass control to when complete.","// Stops the application specified by `name`. If no name is supplied","// this will stop the application in the current directory.","//","apps.setdrones = function (name, number, callback) {","  function executeSet() {","    number = parseInt(number, 10);","","    jitsu.log.info('Setting number of drones for app ' + name.magenta + ' to ' + number.toString().magenta);","    jitsu.apps.setDrones(name, number, function (err) {","      if (err) {","        return handleStartError(err, name, callback);","      }","","      jitsu.log.info('App ' + name.magenta + ' is now running on ' + number.toString().magenta + ' drones');","      callback();","    });","  }","","  if (!isNaN(parseInt(name, 10))) {","    number = name;","    name = null;","  }","","  if (!name) {","    return jitsu.package.tryRead(process.cwd(), callback, function (pkg) {","      name = pkg.name;","      executeSet();","    });","  }","","  executeSet();","};","","//","// Usage for `jitsu apps setdrones [<name>] <number>`","//","apps.setdrones.usage = [","  'Sets number of drones used by the application.',","  '',","  'jitsu apps setdrones [<name>] <number>',","];","","","//","// ### function cloud (name, provider, datacenter, drones, callback)","// #### @name {string} **optional** Name of the application to view/set cloud info for.","// #### @callback {function} Continuation to pass control to when complete.","// Views or sets the cloud information for the specified application defaulting","// to the app in the current directory.","//","apps.cloud = function (name, provider, datacenter) {","  var providers = ['joyent'],","      args      = utile.args(arguments),","      callback  = args.callback,","      drones    = jitsu.argv.drones,","      ram       = jitsu.argv.ram;","","  //","  // If `name` is `list` then show the current providers.","  //","  if (name === 'list') {","    return jitsu.apps.endpoints(function (err, endpoints) {","      if (err) {","        callback(err);","      }","","      if (typeof endpoints === 'undefined') {","        endpoints = {};","      }","","      jitsu.log.info('You can use one of the following providers');","      Object.keys(endpoints).forEach(function (provider) {","        var datacenters = endpoints[provider];","        Object.keys(datacenters).forEach(function (datacenter) {","          jitsu.log.data('jitsu cloud ' + provider + ' ' + datacenter);","        });","      });","","      callback(null);","    });","  }","","  //","  // If `name` is one of the known providers then curry","  // arguments and read package.json from `process.cwd()`.","  //","  if (providers.indexOf(name) !== -1) {","    datacenter = provider;","    provider = name;","    name = null;","  }","","  //","  // If `datacenter` was not passed it will","  // be the callback.","  //","  datacenter = typeof datacenter !== 'function'","    ? datacenter","    : null;","","  //","  // Print the cloud information for the app and respond.","  //","  function viewCloud(app) {","    if (!app.config || !app.config.cloud) {","      jitsu.log.error('Error: The app ' + app.name.magenta + ' don\\'t have any cloud config.');","      jitsu.log.error('You need deploy your app before get any cloud config.');","      return callback(new Error());","    }","    jitsu.log.info('Viewing cloud info for ' + name.magenta);","    jitsu.inspect.putObject(app.config.cloud[0]);","    callback(null, app);","  }","","  //","  // 1. Print what cloud app is deployed in now.","  // 2. Print new cloud app will be deployed to.","  // 3. Start the app in the specified cloud.","  //","  function setCloud(app) {","    drones = drones || app.maxDrones;","    ram = ram || (app.config.cloud ? app.config.cloud[0].ram : 256);","","    var cloud = {","      datacenter: datacenter,","      provider: provider,","      drones: drones,","      ram: ram","    };","","    if (app.state === 'started') {","      jitsu.log.info('App currently deployed to the cloud with:')","      jitsu.inspect.putObject(app.config.cloud[0]);","    }","","    jitsu.log.info('Deploying application to the cloud with:')","    jitsu.inspect.putObject(cloud);","","    async.series({","      //","      // 1. Fetch the endpoints so that we can properly","      //    tell the user what datacenter they are in later.","      //","      endpoints: function getEndpoints(next) {","        jitsu.apps.endpoints(next);","      },","      //","      // 2. Start the app with the specified cloud information.","      //","      start: function start(next) {","        jitsu.apps.datacenter(name, cloud, next);","      }","    }, function (err, result) {","      if (err) {","        jitsu.log.error('Error starting ' + name.magenta);","        return callback(err);","      }","","      var endpoints = result.endpoints,","          tld = result.endpoints[provider][datacenter];","","      jitsu.log.info('App ' + name.magenta + ' is now started');","      jitsu.log.info(('http://' + app.subdomain + tld.replace('api', '')).magenta + ' on Port ' + '80'.magenta);","      callback(null, app);","    });","  }","","  //","  // Retreive the app and call `setCloud` or `viewCloud`","  // depending on what arguments have been passed.","  //","  function viewApp() {","    jitsu.log.info('Fetching app ' + name.magenta);","    jitsu.apps.view(name, function (err, app) {","      if (err) {","        jitsu.log.error('App ' + name.magenta + ' doesn\\'t exist on Nodejitsu yet!');","        jitsu.log.help('Try running ' + 'jitsu deploy'.magenta);","        return callback({});","      }","","      return provider && datacenter","        ? setCloud(app)","        : viewCloud(app);","    });","  }","","  //","  // Read the app from the current directory.","  //","  function readApp(next) {","    jitsu.package.read(process.cwd(), function (err, pkg) {","      if (err) {","        callback(err);","      }","","      name = pkg.name;","      next();","    });","  }","","  return !name","    ? readApp(viewApp)","    : viewApp();","};","","//","// Usage for `jitsu apps cloud`.","//","apps.cloud.usage = [","  'Views or sets the cloud information for the specified application defaulting',","  'to the app in the current directory',","  '',","  'jitsu apps cloud [<name>]',","  'jitsu cloud [<name>]',","  '',","  'jitsu apps cloud [<name>] <provider> <datacenter> [<drones>]',","  'jitsu cloud [<name>] <provider> <datacenter> [<drones>]',","  '',","  'Options:',","  '--ram  RAM size to deploy to'","];","","//","// ### function browse (name, callback)","// #### @name {string} Application name (optional).","// #### @callback {function} Continuation to respond to.","// Open app in a browser.","//","apps.browse = function (name, callback) {","  function runBrowser(err, pkg) {","    if (err) {","      return callback(err);","    }","","    opener('https://' + (pkg.domain || (pkg.domains && pkg.domains[0]) || (pkg.subdomain + '.jit.su')));","    callback();","  }","","  if (!name) {","    return jitsu['package'].tryRead(process.cwd(), runBrowser, function (pkg) {","      runBrowser(null, pkg);","    });","  }","","  jitsu.apps.view(name, runBrowser);","};","","//","// Usage for `jitsu apps browse`.","//","apps.browse.usage = [","  'Open application in a browser.',","  '',","  'jitsu apps browse [<name>]'","];",""],"l":{"8":1,"14":1,"16":1,"37":1,"41":0,"42":0,"43":0,"44":0,"45":0,"47":0,"48":0,"49":0,"52":0,"65":1,"66":0,"74":0,"75":0,"81":0,"82":0,"83":0,"85":0,"86":0,"88":0,"89":0,"90":0,"91":0,"92":0,"93":0,"98":0,"102":0,"103":0,"104":0,"108":0,"109":0,"110":0,"113":1,"114":0,"115":0,"116":0,"117":0,"129":0,"130":0,"131":0,"133":0,"136":0,"137":0,"138":0,"139":0,"141":0,"143":0,"145":0,"148":0,"149":0,"150":0,"153":0,"157":0,"158":0,"160":0,"169":1,"170":0,"171":0,"172":0,"173":0,"177":1,"178":0,"179":0,"181":0,"182":0,"185":0,"189":1,"190":0,"191":0,"194":0,"195":0,"196":0,"199":0,"200":0,"201":0,"204":0,"209":1,"210":0,"211":0,"212":0,"215":0,"216":0,"217":0,"218":0,"223":0,"224":0,"225":0,"227":0,"232":0,"233":0,"236":0,"237":0,"238":0,"239":0,"242":0,"243":0,"250":0,"251":0,"255":0,"259":0,"262":0,"263":0,"268":0,"269":0,"275":1,"296":1,"301":0,"302":0,"305":0,"307":1,"308":0,"309":0,"311":0,"312":0,"313":0,"314":0,"315":0,"316":0,"319":0,"320":0,"324":1,"325":0,"326":0,"329":0,"330":0,"331":0,"334":0,"335":0,"338":0,"344":1,"356":1,"358":0,"360":0,"361":0,"362":0,"363":0,"366":0,"367":0,"368":0,"369":0,"372":0,"376":0,"378":0,"379":0,"380":0,"381":0,"382":0,"383":0,"386":0,"389":0,"392":0,"393":0,"394":0,"395":0,"398":0,"401":0,"402":0,"407":0,"408":0,"409":0,"412":0,"421":0,"422":0,"429":1,"443":1,"448":0,"449":0,"450":0,"451":0,"454":1,"455":0,"456":0,"458":0,"459":0,"460":0,"461":0,"464":0,"465":0,"466":0,"467":0,"471":1,"472":0,"473":0,"474":0,"475":0,"477":0,"481":0,"482":0,"483":0,"484":0,"485":0,"486":0,"487":0,"488":0,"489":0,"491":0,"495":0,"499":0,"507":1,"522":1,"527":0,"528":0,"529":0,"530":0,"533":0,"534":0,"535":0,"537":0,"538":0,"539":0,"542":0,"543":0,"544":0,"545":0,"548":0,"549":0,"551":0,"559":1,"575":1,"580":0,"581":0,"582":0,"583":0,"585":0,"586":0,"587":0,"588":0,"589":0,"592":0,"595":1,"596":0,"597":0,"598":0,"599":0,"600":0,"601":0,"604":0,"605":0,"614":1,"629":1,"634":0,"635":0,"636":0,"637":0,"638":0,"642":0,"643":0,"644":0,"645":0,"647":0,"648":0,"649":0,"653":1,"655":0,"657":0,"659":0,"660":0,"661":0,"664":0,"670":0,"676":0,"679":0,"680":0,"683":0,"689":0,"690":0,"691":0,"695":0,"698":0,"699":0,"700":0,"701":0,"704":0,"712":1,"727":1,"732":0,"733":0,"734":0,"735":0,"738":1,"739":0,"740":0,"741":0,"742":0,"745":0,"746":0,"750":0,"751":0,"752":0,"753":0,"757":0,"763":1,"778":1,"783":0,"784":0,"785":0,"786":0,"789":1,"790":0,"791":0,"796":0,"797":0,"798":0,"799":0,"801":0,"804":0,"805":0,"809":0,"810":0,"811":0,"812":0,"816":0,"822":1,"837":1,"838":1,"839":0,"841":0,"842":0,"843":0,"844":0,"847":0,"848":0,"852":0,"853":0,"854":0,"857":0,"858":0,"859":0,"860":0,"864":0,"870":1,"884":1,"885":0,"894":0,"895":0,"896":0,"897":0,"900":0,"901":0,"904":0,"905":0,"906":0,"907":0,"908":0,"912":0,"920":0,"921":0,"922":0,"923":0,"930":0,"937":1,"938":0,"939":0,"940":0,"941":0,"943":0,"944":0,"945":0,"953":1,"954":0,"955":0,"957":0,"964":0,"965":0,"966":0,"969":0,"970":0,"972":0,"978":0,"984":0,"987":0,"988":0,"989":0,"992":0,"995":0,"996":0,"997":0,"1005":1,"1006":0,"1007":0,"1008":0,"1009":0,"1010":0,"1011":0,"1014":0,"1023":1,"1024":0,"1025":0,"1026":0,"1029":0,"1030":0,"1034":0,"1042":1,"1062":1,"1063":1,"1064":0,"1065":0,"1068":0,"1069":0,"1072":0,"1073":0,"1074":0,"1078":0,"1084":1}}}